2022-11-12 12:06:49,732 Namespace(out_dir='out', frequent=10, eval_interval=1, gpu=False, num_workers=4)
2022-11-12 12:06:49,761 => load 200 samples
2022-11-12 12:06:49,762 => load 200 samples
2022-11-12 12:06:50,469 Epoch: [0][0/200]	Time 0.706s (0.706s)	Speed 45.3 samples/s	Data 0.061s (0.061s)	Loss 2.28460 (2.28460)
2022-11-12 12:06:55,906 Epoch: [0][10/200]	Time 0.512s (0.558s)	Speed 62.5 samples/s	Data 0.002s (0.008s)	Loss 0.59783 (1.35681)
2022-11-12 12:07:00,907 Epoch: [0][20/200]	Time 0.462s (0.531s)	Speed 69.3 samples/s	Data 0.002s (0.005s)	Loss 0.31507 (0.88939)
2022-11-12 12:07:06,086 Epoch: [0][30/200]	Time 0.590s (0.527s)	Speed 54.2 samples/s	Data 0.001s (0.004s)	Loss 0.21251 (0.68106)
2022-11-12 12:07:10,949 Epoch: [0][40/200]	Time 0.423s (0.517s)	Speed 75.6 samples/s	Data 0.002s (0.003s)	Loss 0.23242 (0.57255)
2022-11-12 12:07:15,517 Epoch: [0][50/200]	Time 0.460s (0.505s)	Speed 69.6 samples/s	Data 0.001s (0.003s)	Loss 0.22858 (0.50508)
2022-11-12 12:07:20,153 Epoch: [0][60/200]	Time 0.444s (0.498s)	Speed 72.1 samples/s	Data 0.002s (0.003s)	Loss 0.18411 (0.45679)
2022-11-12 12:07:24,649 Epoch: [0][70/200]	Time 0.454s (0.491s)	Speed 70.5 samples/s	Data 0.001s (0.003s)	Loss 0.28369 (0.42107)
2022-11-12 12:07:29,027 Epoch: [0][80/200]	Time 0.440s (0.485s)	Speed 72.8 samples/s	Data 0.001s (0.002s)	Loss 0.19016 (0.39410)
2022-11-12 12:07:33,465 Epoch: [0][90/200]	Time 0.445s (0.480s)	Speed 72.0 samples/s	Data 0.001s (0.002s)	Loss 0.20895 (0.37227)
2022-11-12 12:07:37,964 Epoch: [0][100/200]	Time 0.428s (0.477s)	Speed 74.7 samples/s	Data 0.001s (0.002s)	Loss 0.21492 (0.35535)
2022-11-12 12:07:42,325 Epoch: [0][110/200]	Time 0.424s (0.474s)	Speed 75.4 samples/s	Data 0.001s (0.002s)	Loss 0.17763 (0.34081)
2022-11-12 12:07:46,763 Epoch: [0][120/200]	Time 0.448s (0.471s)	Speed 71.4 samples/s	Data 0.002s (0.002s)	Loss 0.20667 (0.33098)
2022-11-12 12:07:51,207 Epoch: [0][130/200]	Time 0.438s (0.469s)	Speed 73.0 samples/s	Data 0.001s (0.002s)	Loss 0.16864 (0.32131)
2022-11-12 12:07:55,681 Epoch: [0][140/200]	Time 0.457s (0.468s)	Speed 70.1 samples/s	Data 0.002s (0.002s)	Loss 0.24236 (0.31294)
2022-11-12 12:08:00,108 Epoch: [0][150/200]	Time 0.436s (0.466s)	Speed 73.3 samples/s	Data 0.002s (0.002s)	Loss 0.17626 (0.30422)
2022-11-12 12:08:04,578 Epoch: [0][160/200]	Time 0.456s (0.465s)	Speed 70.2 samples/s	Data 0.001s (0.002s)	Loss 0.17470 (0.29670)
2022-11-12 12:08:09,014 Epoch: [0][170/200]	Time 0.449s (0.463s)	Speed 71.3 samples/s	Data 0.002s (0.002s)	Loss 0.21529 (0.29134)
2022-11-12 12:08:13,481 Epoch: [0][180/200]	Time 0.432s (0.463s)	Speed 74.1 samples/s	Data 0.001s (0.002s)	Loss 0.18654 (0.28584)
2022-11-12 12:08:17,887 Epoch: [0][190/200]	Time 0.430s (0.461s)	Speed 74.4 samples/s	Data 0.002s (0.002s)	Loss 0.17471 (0.28033)
2022-11-12 12:08:21,928 Test: [0/200]	Time 0.074 (0.074)	Loss 0.4445 (0.4445)
2022-11-12 12:08:22,338 Test: [10/200]	Time 0.032 (0.044)	Loss 0.1241 (0.3524)
2022-11-12 12:08:22,681 Test: [20/200]	Time 0.032 (0.039)	Loss 0.2688 (0.3696)
2022-11-12 12:08:23,025 Test: [30/200]	Time 0.033 (0.038)	Loss 0.5130 (0.3757)
2022-11-12 12:08:23,364 Test: [40/200]	Time 0.032 (0.037)	Loss 0.3876 (0.3937)
2022-11-12 12:08:23,723 Test: [50/200]	Time 0.032 (0.037)	Loss 0.4833 (0.3970)
2022-11-12 12:08:24,069 Test: [60/200]	Time 0.032 (0.036)	Loss 0.4810 (0.3960)
2022-11-12 12:08:24,410 Test: [70/200]	Time 0.042 (0.036)	Loss 0.3904 (0.3961)
2022-11-12 12:08:24,764 Test: [80/200]	Time 0.031 (0.036)	Loss 0.5216 (0.3911)
2022-11-12 12:08:25,101 Test: [90/200]	Time 0.032 (0.036)	Loss 0.4840 (0.3954)
2022-11-12 12:08:25,447 Test: [100/200]	Time 0.035 (0.036)	Loss 0.4517 (0.3940)
2022-11-12 12:08:25,785 Test: [110/200]	Time 0.033 (0.035)	Loss 0.4805 (0.3963)
2022-11-12 12:08:26,121 Test: [120/200]	Time 0.033 (0.035)	Loss 0.4715 (0.3928)
2022-11-12 12:08:26,465 Test: [130/200]	Time 0.035 (0.035)	Loss 0.3410 (0.3974)
2022-11-12 12:08:26,799 Test: [140/200]	Time 0.032 (0.035)	Loss 0.3906 (0.3968)
2022-11-12 12:08:27,133 Test: [150/200]	Time 0.032 (0.035)	Loss 0.4224 (0.3956)
2022-11-12 12:08:27,479 Test: [160/200]	Time 0.039 (0.035)	Loss 0.4105 (0.3957)
2022-11-12 12:08:27,811 Test: [170/200]	Time 0.034 (0.035)	Loss 0.2986 (0.3936)
2022-11-12 12:08:28,147 Test: [180/200]	Time 0.032 (0.035)	Loss 0.3187 (0.3906)
2022-11-12 12:08:28,496 Test: [190/200]	Time 0.033 (0.035)	Loss 0.2870 (0.3919)
2022-11-12 12:08:29,960 Mean IoU score: 0.109
2022-11-12 12:08:29,960 => saving checkpoint to out
2022-11-12 12:08:30,546 Epoch: [1][0/200]	Time 0.559s (0.559s)	Speed 57.2 samples/s	Data 0.064s (0.064s)	Loss 0.21839 (0.21839)
2022-11-12 12:08:35,128 Epoch: [1][10/200]	Time 0.505s (0.467s)	Speed 63.3 samples/s	Data 0.001s (0.007s)	Loss 0.18730 (0.18360)
2022-11-12 12:08:39,784 Epoch: [1][20/200]	Time 0.456s (0.467s)	Speed 70.2 samples/s	Data 0.001s (0.005s)	Loss 0.19490 (0.17447)
2022-11-12 12:08:44,274 Epoch: [1][30/200]	Time 0.444s (0.461s)	Speed 72.0 samples/s	Data 0.002s (0.004s)	Loss 0.20035 (0.17781)
2022-11-12 12:08:48,891 Epoch: [1][40/200]	Time 0.469s (0.461s)	Speed 68.3 samples/s	Data 0.002s (0.003s)	Loss 0.19346 (0.17973)
2022-11-12 12:08:53,627 Epoch: [1][50/200]	Time 0.480s (0.464s)	Speed 66.7 samples/s	Data 0.002s (0.003s)	Loss 0.15679 (0.17817)
2022-11-12 12:08:58,471 Epoch: [1][60/200]	Time 0.482s (0.467s)	Speed 66.3 samples/s	Data 0.002s (0.003s)	Loss 0.20195 (0.17691)
2022-11-12 12:09:03,450 Epoch: [1][70/200]	Time 0.491s (0.471s)	Speed 65.2 samples/s	Data 0.002s (0.003s)	Loss 0.17804 (0.17684)
2022-11-12 12:09:08,487 Epoch: [1][80/200]	Time 0.502s (0.475s)	Speed 63.8 samples/s	Data 0.002s (0.002s)	Loss 0.19195 (0.17517)
2022-11-12 12:09:13,642 Epoch: [1][90/200]	Time 0.524s (0.480s)	Speed 61.1 samples/s	Data 0.002s (0.002s)	Loss 0.19548 (0.17365)
2022-11-12 12:09:18,742 Epoch: [1][100/200]	Time 0.519s (0.483s)	Speed 61.7 samples/s	Data 0.002s (0.002s)	Loss 0.12711 (0.17154)
2022-11-12 12:09:25,835 Epoch: [1][110/200]	Time 0.957s (0.503s)	Speed 33.4 samples/s	Data 0.002s (0.002s)	Loss 0.18731 (0.17045)
2022-11-12 12:09:35,622 Epoch: [1][120/200]	Time 1.269s (0.542s)	Speed 25.2 samples/s	Data 0.002s (0.002s)	Loss 0.16860 (0.16918)
2022-11-12 12:09:42,675 Epoch: [1][130/200]	Time 0.572s (0.555s)	Speed 55.9 samples/s	Data 0.002s (0.002s)	Loss 0.13005 (0.16759)
2022-11-12 12:09:48,472 Epoch: [1][140/200]	Time 0.662s (0.557s)	Speed 48.4 samples/s	Data 0.002s (0.002s)	Loss 0.16300 (0.16684)
2022-11-12 12:09:54,993 Epoch: [1][150/200]	Time 0.613s (0.563s)	Speed 52.2 samples/s	Data 0.002s (0.002s)	Loss 0.13677 (0.16502)
2022-11-12 12:10:00,560 Epoch: [1][160/200]	Time 0.582s (0.563s)	Speed 55.0 samples/s	Data 0.002s (0.002s)	Loss 0.13373 (0.16331)
2022-11-12 12:10:06,171 Epoch: [1][170/200]	Time 0.567s (0.562s)	Speed 56.4 samples/s	Data 0.002s (0.002s)	Loss 0.14127 (0.16142)
2022-11-12 12:10:12,224 Epoch: [1][180/200]	Time 0.544s (0.565s)	Speed 58.9 samples/s	Data 0.002s (0.002s)	Loss 0.12474 (0.15934)
2022-11-12 12:10:18,072 Epoch: [1][190/200]	Time 0.624s (0.566s)	Speed 51.3 samples/s	Data 0.002s (0.002s)	Loss 0.10046 (0.15748)
2022-11-12 12:10:23,137 Test: [0/200]	Time 0.083 (0.083)	Loss 0.3118 (0.3118)
2022-11-12 12:10:23,570 Test: [10/200]	Time 0.038 (0.047)	Loss 0.1098 (0.2611)
2022-11-12 12:10:23,989 Test: [20/200]	Time 0.038 (0.044)	Loss 0.1916 (0.2691)
2022-11-12 12:10:24,473 Test: [30/200]	Time 0.074 (0.046)	Loss 0.3866 (0.2761)
2022-11-12 12:10:25,144 Test: [40/200]	Time 0.038 (0.051)	Loss 0.2678 (0.2880)
2022-11-12 12:10:25,557 Test: [50/200]	Time 0.040 (0.049)	Loss 0.3266 (0.2880)
2022-11-12 12:10:26,198 Test: [60/200]	Time 0.035 (0.052)	Loss 0.3508 (0.2901)
2022-11-12 12:10:26,675 Test: [70/200]	Time 0.043 (0.051)	Loss 0.2986 (0.2904)
2022-11-12 12:10:27,295 Test: [80/200]	Time 0.168 (0.052)	Loss 0.4037 (0.2871)
2022-11-12 12:10:29,014 Test: [90/200]	Time 0.123 (0.065)	Loss 0.3634 (0.2899)
2022-11-12 12:10:29,918 Test: [100/200]	Time 0.063 (0.068)	Loss 0.3467 (0.2883)
2022-11-12 12:10:30,557 Test: [110/200]	Time 0.077 (0.068)	Loss 0.3664 (0.2900)
2022-11-12 12:10:31,129 Test: [120/200]	Time 0.041 (0.067)	Loss 0.3749 (0.2869)
2022-11-12 12:10:31,565 Test: [130/200]	Time 0.039 (0.065)	Loss 0.2248 (0.2891)
2022-11-12 12:10:32,075 Test: [140/200]	Time 0.044 (0.064)	Loss 0.2910 (0.2884)
2022-11-12 12:10:32,495 Test: [150/200]	Time 0.041 (0.063)	Loss 0.2980 (0.2869)
2022-11-12 12:10:32,985 Test: [160/200]	Time 0.075 (0.062)	Loss 0.3115 (0.2865)
2022-11-12 12:10:33,413 Test: [170/200]	Time 0.038 (0.061)	Loss 0.2467 (0.2847)
2022-11-12 12:10:33,825 Test: [180/200]	Time 0.037 (0.059)	Loss 0.2341 (0.2823)
2022-11-12 12:10:34,262 Test: [190/200]	Time 0.043 (0.059)	Loss 0.1890 (0.2831)
2022-11-12 12:10:35,932 Mean IoU score: 0.264
2022-11-12 12:10:35,933 => saving checkpoint to out
2022-11-12 12:10:36,640 Epoch: [2][0/200]	Time 0.646s (0.646s)	Speed 49.6 samples/s	Data 0.064s (0.064s)	Loss 0.13146 (0.13146)
2022-11-12 12:10:42,024 Epoch: [2][10/200]	Time 0.511s (0.548s)	Speed 62.7 samples/s	Data 0.003s (0.008s)	Loss 0.13382 (0.12178)
2022-11-12 12:10:49,231 Epoch: [2][20/200]	Time 1.120s (0.630s)	Speed 28.6 samples/s	Data 0.003s (0.005s)	Loss 0.10941 (0.12030)
2022-11-12 12:11:03,968 Epoch: [2][30/200]	Time 0.845s (0.902s)	Speed 37.9 samples/s	Data 0.002s (0.005s)	Loss 0.11467 (0.11638)
2022-11-12 12:11:11,297 Epoch: [2][40/200]	Time 0.629s (0.861s)	Speed 50.9 samples/s	Data 0.002s (0.004s)	Loss 0.09473 (0.11206)
2022-11-12 12:11:17,328 Epoch: [2][50/200]	Time 0.704s (0.810s)	Speed 45.4 samples/s	Data 0.002s (0.004s)	Loss 0.09472 (0.10934)
2022-11-12 12:11:23,231 Epoch: [2][60/200]	Time 0.566s (0.774s)	Speed 56.5 samples/s	Data 0.002s (0.004s)	Loss 0.10368 (0.10651)
2022-11-12 12:11:28,613 Epoch: [2][70/200]	Time 0.522s (0.741s)	Speed 61.3 samples/s	Data 0.002s (0.003s)	Loss 0.06808 (0.10338)
2022-11-12 12:11:34,139 Epoch: [2][80/200]	Time 0.543s (0.718s)	Speed 58.9 samples/s	Data 0.002s (0.003s)	Loss 0.08642 (0.10226)
2022-11-12 12:11:40,126 Epoch: [2][90/200]	Time 0.629s (0.705s)	Speed 50.9 samples/s	Data 0.002s (0.003s)	Loss 0.05341 (0.10037)
2022-11-12 12:11:46,205 Epoch: [2][100/200]	Time 0.577s (0.695s)	Speed 55.4 samples/s	Data 0.002s (0.003s)	Loss 0.08200 (0.09852)
2022-11-12 12:11:52,517 Epoch: [2][110/200]	Time 0.611s (0.689s)	Speed 52.4 samples/s	Data 0.002s (0.003s)	Loss 0.09101 (0.09649)
2022-11-12 12:11:58,375 Epoch: [2][120/200]	Time 0.629s (0.681s)	Speed 50.9 samples/s	Data 0.002s (0.003s)	Loss 0.07844 (0.09491)
2022-11-12 12:12:04,462 Epoch: [2][130/200]	Time 0.625s (0.675s)	Speed 51.2 samples/s	Data 0.002s (0.003s)	Loss 0.08284 (0.09413)
2022-11-12 12:12:10,998 Epoch: [2][140/200]	Time 0.644s (0.674s)	Speed 49.7 samples/s	Data 0.002s (0.003s)	Loss 0.07691 (0.09332)
2022-11-12 12:12:17,043 Epoch: [2][150/200]	Time 0.518s (0.669s)	Speed 61.8 samples/s	Data 0.002s (0.003s)	Loss 0.09218 (0.09251)
2022-11-12 12:12:22,336 Epoch: [2][160/200]	Time 0.537s (0.661s)	Speed 59.6 samples/s	Data 0.002s (0.003s)	Loss 0.07797 (0.09136)
2022-11-12 12:12:27,634 Epoch: [2][170/200]	Time 0.508s (0.653s)	Speed 62.9 samples/s	Data 0.002s (0.003s)	Loss 0.07743 (0.09043)
2022-11-12 12:12:32,913 Epoch: [2][180/200]	Time 0.532s (0.646s)	Speed 60.2 samples/s	Data 0.002s (0.003s)	Loss 0.07516 (0.08938)
2022-11-12 12:12:38,257 Epoch: [2][190/200]	Time 0.510s (0.640s)	Speed 62.7 samples/s	Data 0.002s (0.002s)	Loss 0.07725 (0.08825)
2022-11-12 12:12:43,113 Test: [0/200]	Time 0.074 (0.074)	Loss 0.1770 (0.1770)
2022-11-12 12:12:43,518 Test: [10/200]	Time 0.037 (0.044)	Loss 0.0366 (0.1400)
2022-11-12 12:12:43,925 Test: [20/200]	Time 0.040 (0.042)	Loss 0.1067 (0.1409)
2022-11-12 12:12:44,327 Test: [30/200]	Time 0.043 (0.042)	Loss 0.2240 (0.1469)
2022-11-12 12:12:44,734 Test: [40/200]	Time 0.037 (0.041)	Loss 0.1585 (0.1545)
2022-11-12 12:12:45,138 Test: [50/200]	Time 0.038 (0.041)	Loss 0.1896 (0.1543)
2022-11-12 12:12:45,565 Test: [60/200]	Time 0.039 (0.041)	Loss 0.1808 (0.1583)
2022-11-12 12:12:45,971 Test: [70/200]	Time 0.042 (0.041)	Loss 0.1826 (0.1591)
2022-11-12 12:12:46,375 Test: [80/200]	Time 0.038 (0.041)	Loss 0.2003 (0.1564)
2022-11-12 12:12:46,788 Test: [90/200]	Time 0.038 (0.041)	Loss 0.2180 (0.1581)
2022-11-12 12:12:47,226 Test: [100/200]	Time 0.040 (0.041)	Loss 0.2359 (0.1570)
2022-11-12 12:12:47,636 Test: [110/200]	Time 0.043 (0.041)	Loss 0.2103 (0.1576)
2022-11-12 12:12:48,035 Test: [120/200]	Time 0.040 (0.041)	Loss 0.2046 (0.1556)
2022-11-12 12:12:48,434 Test: [130/200]	Time 0.038 (0.041)	Loss 0.1290 (0.1568)
2022-11-12 12:12:48,835 Test: [140/200]	Time 0.037 (0.041)	Loss 0.1331 (0.1564)
2022-11-12 12:12:49,227 Test: [150/200]	Time 0.037 (0.041)	Loss 0.1427 (0.1553)
2022-11-12 12:12:49,663 Test: [160/200]	Time 0.047 (0.041)	Loss 0.1587 (0.1548)
2022-11-12 12:12:50,065 Test: [170/200]	Time 0.039 (0.041)	Loss 0.1551 (0.1537)
2022-11-12 12:12:50,478 Test: [180/200]	Time 0.043 (0.041)	Loss 0.1189 (0.1526)
2022-11-12 12:12:50,889 Test: [190/200]	Time 0.045 (0.041)	Loss 0.0815 (0.1528)
2022-11-12 12:12:52,470 Mean IoU score: 0.615
2022-11-12 12:12:52,470 => saving checkpoint to out
2022-11-12 12:12:53,177 Epoch: [3][0/200]	Time 0.630s (0.630s)	Speed 50.8 samples/s	Data 0.055s (0.055s)	Loss 0.05729 (0.05729)
2022-11-12 12:12:58,420 Epoch: [3][10/200]	Time 0.522s (0.534s)	Speed 61.3 samples/s	Data 0.002s (0.007s)	Loss 0.05635 (0.05500)
2022-11-12 12:13:03,703 Epoch: [3][20/200]	Time 0.527s (0.531s)	Speed 60.7 samples/s	Data 0.002s (0.004s)	Loss 0.04676 (0.05504)
2022-11-12 12:13:09,029 Epoch: [3][30/200]	Time 0.530s (0.532s)	Speed 60.4 samples/s	Data 0.002s (0.004s)	Loss 0.05754 (0.05253)
2022-11-12 12:13:14,429 Epoch: [3][40/200]	Time 0.515s (0.534s)	Speed 62.1 samples/s	Data 0.002s (0.003s)	Loss 0.05036 (0.05082)
2022-11-12 12:13:19,655 Epoch: [3][50/200]	Time 0.533s (0.532s)	Speed 60.1 samples/s	Data 0.002s (0.003s)	Loss 0.03994 (0.04906)
2022-11-12 12:13:24,977 Epoch: [3][60/200]	Time 0.525s (0.532s)	Speed 60.9 samples/s	Data 0.002s (0.003s)	Loss 0.04185 (0.04724)
2022-11-12 12:13:30,281 Epoch: [3][70/200]	Time 0.530s (0.531s)	Speed 60.4 samples/s	Data 0.002s (0.003s)	Loss 0.03910 (0.04672)
2022-11-12 12:13:35,529 Epoch: [3][80/200]	Time 0.522s (0.531s)	Speed 61.3 samples/s	Data 0.002s (0.003s)	Loss 0.03428 (0.04601)
2022-11-12 12:13:41,131 Epoch: [3][90/200]	Time 0.524s (0.534s)	Speed 61.0 samples/s	Data 0.002s (0.003s)	Loss 0.03526 (0.04513)
2022-11-12 12:13:46,338 Epoch: [3][100/200]	Time 0.517s (0.533s)	Speed 61.8 samples/s	Data 0.002s (0.003s)	Loss 0.03662 (0.04444)
2022-11-12 12:13:51,628 Epoch: [3][110/200]	Time 0.542s (0.532s)	Speed 59.1 samples/s	Data 0.002s (0.003s)	Loss 0.03361 (0.04373)
2022-11-12 12:13:56,893 Epoch: [3][120/200]	Time 0.514s (0.532s)	Speed 62.2 samples/s	Data 0.002s (0.002s)	Loss 0.02971 (0.04294)
2022-11-12 12:14:02,181 Epoch: [3][130/200]	Time 0.532s (0.532s)	Speed 60.1 samples/s	Data 0.002s (0.002s)	Loss 0.03747 (0.04261)
2022-11-12 12:14:07,430 Epoch: [3][140/200]	Time 0.530s (0.531s)	Speed 60.4 samples/s	Data 0.002s (0.002s)	Loss 0.04149 (0.04212)
2022-11-12 12:14:12,750 Epoch: [3][150/200]	Time 0.513s (0.531s)	Speed 62.4 samples/s	Data 0.002s (0.002s)	Loss 0.03748 (0.04179)
2022-11-12 12:14:18,013 Epoch: [3][160/200]	Time 0.520s (0.531s)	Speed 61.5 samples/s	Data 0.002s (0.002s)	Loss 0.03180 (0.04155)
2022-11-12 12:14:23,253 Epoch: [3][170/200]	Time 0.519s (0.530s)	Speed 61.7 samples/s	Data 0.002s (0.002s)	Loss 0.03199 (0.04120)
2022-11-12 12:14:28,587 Epoch: [3][180/200]	Time 0.514s (0.531s)	Speed 62.3 samples/s	Data 0.003s (0.002s)	Loss 0.03066 (0.04089)
2022-11-12 12:14:33,844 Epoch: [3][190/200]	Time 0.536s (0.530s)	Speed 59.7 samples/s	Data 0.002s (0.002s)	Loss 0.03214 (0.04059)
2022-11-12 12:14:38,648 Test: [0/200]	Time 0.079 (0.079)	Loss 0.1139 (0.1139)
2022-11-12 12:14:39,059 Test: [10/200]	Time 0.041 (0.045)	Loss 0.0223 (0.0787)
2022-11-12 12:14:39,465 Test: [20/200]	Time 0.038 (0.043)	Loss 0.0772 (0.0846)
2022-11-12 12:14:39,888 Test: [30/200]	Time 0.064 (0.043)	Loss 0.1283 (0.0884)
2022-11-12 12:14:40,287 Test: [40/200]	Time 0.038 (0.042)	Loss 0.0916 (0.0929)
2022-11-12 12:14:40,690 Test: [50/200]	Time 0.040 (0.042)	Loss 0.1220 (0.0927)
2022-11-12 12:14:41,111 Test: [60/200]	Time 0.038 (0.042)	Loss 0.1012 (0.0949)
2022-11-12 12:14:41,521 Test: [70/200]	Time 0.040 (0.042)	Loss 0.0848 (0.0956)
2022-11-12 12:14:41,921 Test: [80/200]	Time 0.039 (0.041)	Loss 0.1035 (0.0939)
2022-11-12 12:14:42,327 Test: [90/200]	Time 0.041 (0.041)	Loss 0.1387 (0.0962)
2022-11-12 12:14:42,734 Test: [100/200]	Time 0.039 (0.041)	Loss 0.1398 (0.0955)
2022-11-12 12:14:43,135 Test: [110/200]	Time 0.039 (0.041)	Loss 0.1858 (0.0968)
2022-11-12 12:14:43,529 Test: [120/200]	Time 0.038 (0.041)	Loss 0.1118 (0.0954)
2022-11-12 12:14:43,925 Test: [130/200]	Time 0.038 (0.041)	Loss 0.0930 (0.0962)
2022-11-12 12:14:44,326 Test: [140/200]	Time 0.041 (0.041)	Loss 0.0760 (0.0955)
2022-11-12 12:14:44,727 Test: [150/200]	Time 0.038 (0.041)	Loss 0.0903 (0.0947)
2022-11-12 12:14:45,143 Test: [160/200]	Time 0.040 (0.041)	Loss 0.1127 (0.0944)
2022-11-12 12:14:45,536 Test: [170/200]	Time 0.042 (0.041)	Loss 0.0883 (0.0937)
2022-11-12 12:14:45,927 Test: [180/200]	Time 0.036 (0.041)	Loss 0.0640 (0.0930)
2022-11-12 12:14:46,337 Test: [190/200]	Time 0.040 (0.041)	Loss 0.0596 (0.0932)
2022-11-12 12:14:47,882 Mean IoU score: 0.779
2022-11-12 12:14:47,882 => saving checkpoint to out
2022-11-12 12:14:48,600 Epoch: [4][0/200]	Time 0.620s (0.620s)	Speed 51.6 samples/s	Data 0.069s (0.069s)	Loss 0.02639 (0.02639)
2022-11-12 12:14:54,063 Epoch: [4][10/200]	Time 0.539s (0.553s)	Speed 59.4 samples/s	Data 0.002s (0.008s)	Loss 0.02179 (0.02949)
2022-11-12 12:14:59,297 Epoch: [4][20/200]	Time 0.504s (0.539s)	Speed 63.5 samples/s	Data 0.002s (0.005s)	Loss 0.02566 (0.02981)
2022-11-12 12:15:04,528 Epoch: [4][30/200]	Time 0.530s (0.534s)	Speed 60.4 samples/s	Data 0.002s (0.004s)	Loss 0.02503 (0.02889)
2022-11-12 12:15:09,790 Epoch: [4][40/200]	Time 0.534s (0.532s)	Speed 59.9 samples/s	Data 0.002s (0.003s)	Loss 0.02785 (0.02836)
2022-11-12 12:15:15,000 Epoch: [4][50/200]	Time 0.513s (0.530s)	Speed 62.4 samples/s	Data 0.002s (0.003s)	Loss 0.03588 (0.02899)
2022-11-12 12:15:20,286 Epoch: [4][60/200]	Time 0.522s (0.530s)	Speed 61.3 samples/s	Data 0.002s (0.003s)	Loss 0.02675 (0.02886)
2022-11-12 12:15:25,711 Epoch: [4][70/200]	Time 0.525s (0.531s)	Speed 60.9 samples/s	Data 0.002s (0.003s)	Loss 0.02192 (0.02851)
2022-11-12 12:15:31,094 Epoch: [4][80/200]	Time 0.533s (0.532s)	Speed 60.0 samples/s	Data 0.002s (0.003s)	Loss 0.02384 (0.02824)
2022-11-12 12:15:36,354 Epoch: [4][90/200]	Time 0.521s (0.532s)	Speed 61.4 samples/s	Data 0.002s (0.003s)	Loss 0.02675 (0.02826)
2022-11-12 12:15:41,597 Epoch: [4][100/200]	Time 0.516s (0.531s)	Speed 62.0 samples/s	Data 0.002s (0.003s)	Loss 0.02479 (0.02842)
2022-11-12 12:15:46,878 Epoch: [4][110/200]	Time 0.525s (0.531s)	Speed 61.0 samples/s	Data 0.002s (0.003s)	Loss 0.02046 (0.02811)
2022-11-12 12:15:52,140 Epoch: [4][120/200]	Time 0.525s (0.530s)	Speed 61.0 samples/s	Data 0.002s (0.002s)	Loss 0.03446 (0.02797)
2022-11-12 12:15:57,475 Epoch: [4][130/200]	Time 0.530s (0.530s)	Speed 60.4 samples/s	Data 0.002s (0.002s)	Loss 0.02583 (0.02779)
2022-11-12 12:16:02,798 Epoch: [4][140/200]	Time 0.525s (0.531s)	Speed 60.9 samples/s	Data 0.002s (0.002s)	Loss 0.01786 (0.02767)
2022-11-12 12:16:08,083 Epoch: [4][150/200]	Time 0.525s (0.530s)	Speed 60.9 samples/s	Data 0.002s (0.002s)	Loss 0.02165 (0.02747)
2022-11-12 12:16:13,339 Epoch: [4][160/200]	Time 0.528s (0.530s)	Speed 60.6 samples/s	Data 0.002s (0.002s)	Loss 0.02977 (0.02741)
2022-11-12 12:16:18,570 Epoch: [4][170/200]	Time 0.526s (0.530s)	Speed 60.9 samples/s	Data 0.002s (0.002s)	Loss 0.03569 (0.02755)
2022-11-12 12:16:23,780 Epoch: [4][180/200]	Time 0.517s (0.529s)	Speed 61.9 samples/s	Data 0.002s (0.002s)	Loss 0.02456 (0.02742)
2022-11-12 12:16:29,140 Epoch: [4][190/200]	Time 0.524s (0.530s)	Speed 61.0 samples/s	Data 0.002s (0.002s)	Loss 0.02528 (0.02745)
2022-11-12 12:16:34,354 Test: [0/200]	Time 0.162 (0.162)	Loss 0.1165 (0.1165)
2022-11-12 12:16:35,505 Test: [10/200]	Time 0.114 (0.119)	Loss 0.0366 (0.0929)
2022-11-12 12:16:36,373 Test: [20/200]	Time 0.037 (0.104)	Loss 0.0716 (0.0934)
2022-11-12 12:16:36,778 Test: [30/200]	Time 0.042 (0.083)	Loss 0.1390 (0.1009)
2022-11-12 12:16:37,187 Test: [40/200]	Time 0.040 (0.073)	Loss 0.0919 (0.1066)
2022-11-12 12:16:37,590 Test: [50/200]	Time 0.041 (0.067)	Loss 0.1359 (0.1076)
2022-11-12 12:16:37,992 Test: [60/200]	Time 0.038 (0.062)	Loss 0.1061 (0.1115)
2022-11-12 12:16:38,395 Test: [70/200]	Time 0.038 (0.059)	Loss 0.0837 (0.1111)
2022-11-12 12:16:38,802 Test: [80/200]	Time 0.039 (0.057)	Loss 0.1176 (0.1085)
2022-11-12 12:16:39,215 Test: [90/200]	Time 0.040 (0.055)	Loss 0.2224 (0.1110)
2022-11-12 12:16:39,618 Test: [100/200]	Time 0.040 (0.054)	Loss 0.1396 (0.1099)
2022-11-12 12:16:40,016 Test: [110/200]	Time 0.037 (0.052)	Loss 0.2000 (0.1103)
2022-11-12 12:16:40,445 Test: [120/200]	Time 0.039 (0.052)	Loss 0.1093 (0.1080)
2022-11-12 12:16:40,840 Test: [130/200]	Time 0.039 (0.051)	Loss 0.1176 (0.1089)
2022-11-12 12:16:41,249 Test: [140/200]	Time 0.043 (0.050)	Loss 0.1037 (0.1082)
2022-11-12 12:16:41,654 Test: [150/200]	Time 0.038 (0.049)	Loss 0.0924 (0.1069)
2022-11-12 12:16:42,054 Test: [160/200]	Time 0.038 (0.049)	Loss 0.0994 (0.1065)
2022-11-12 12:16:42,455 Test: [170/200]	Time 0.043 (0.048)	Loss 0.1265 (0.1055)
2022-11-12 12:16:42,843 Test: [180/200]	Time 0.038 (0.048)	Loss 0.0911 (0.1044)
2022-11-12 12:16:43,239 Test: [190/200]	Time 0.039 (0.047)	Loss 0.0564 (0.1042)
2022-11-12 12:16:44,783 Mean IoU score: 0.751
2022-11-12 12:16:44,783 => saving checkpoint to out
2022-11-12 12:16:45,472 Epoch: [5][0/200]	Time 0.649s (0.649s)	Speed 49.3 samples/s	Data 0.065s (0.065s)	Loss 0.02279 (0.02279)
2022-11-12 12:16:50,807 Epoch: [5][10/200]	Time 0.571s (0.544s)	Speed 56.0 samples/s	Data 0.002s (0.008s)	Loss 0.02286 (0.02238)
2022-11-12 12:16:56,115 Epoch: [5][20/200]	Time 0.532s (0.538s)	Speed 60.1 samples/s	Data 0.002s (0.005s)	Loss 0.02045 (0.02309)
2022-11-12 12:17:01,379 Epoch: [5][30/200]	Time 0.529s (0.534s)	Speed 60.5 samples/s	Data 0.002s (0.004s)	Loss 0.02057 (0.02208)
2022-11-12 12:17:06,654 Epoch: [5][40/200]	Time 0.529s (0.532s)	Speed 60.5 samples/s	Data 0.002s (0.004s)	Loss 0.02442 (0.02187)
2022-11-12 12:17:11,848 Epoch: [5][50/200]	Time 0.521s (0.530s)	Speed 61.4 samples/s	Data 0.002s (0.003s)	Loss 0.02097 (0.02174)
2022-11-12 12:17:17,148 Epoch: [5][60/200]	Time 0.531s (0.530s)	Speed 60.3 samples/s	Data 0.002s (0.003s)	Loss 0.02466 (0.02151)
2022-11-12 12:17:22,974 Epoch: [5][70/200]	Time 0.563s (0.537s)	Speed 56.9 samples/s	Data 0.002s (0.003s)	Loss 0.02216 (0.02131)
2022-11-12 12:17:28,543 Epoch: [5][80/200]	Time 0.517s (0.540s)	Speed 61.9 samples/s	Data 0.002s (0.003s)	Loss 0.01531 (0.02124)
2022-11-12 12:17:33,778 Epoch: [5][90/200]	Time 0.502s (0.538s)	Speed 63.8 samples/s	Data 0.002s (0.003s)	Loss 0.02238 (0.02128)
2022-11-12 12:17:39,059 Epoch: [5][100/200]	Time 0.514s (0.537s)	Speed 62.3 samples/s	Data 0.002s (0.003s)	Loss 0.01752 (0.02103)
2022-11-12 12:17:44,330 Epoch: [5][110/200]	Time 0.497s (0.536s)	Speed 64.4 samples/s	Data 0.002s (0.003s)	Loss 0.01792 (0.02085)
2022-11-12 12:17:49,557 Epoch: [5][120/200]	Time 0.511s (0.535s)	Speed 62.6 samples/s	Data 0.002s (0.002s)	Loss 0.02178 (0.02087)
2022-11-12 12:17:54,767 Epoch: [5][130/200]	Time 0.518s (0.534s)	Speed 61.8 samples/s	Data 0.002s (0.002s)	Loss 0.01856 (0.02097)
2022-11-12 12:17:59,978 Epoch: [5][140/200]	Time 0.525s (0.533s)	Speed 61.0 samples/s	Data 0.002s (0.002s)	Loss 0.02265 (0.02099)
2022-11-12 12:18:05,229 Epoch: [5][150/200]	Time 0.533s (0.532s)	Speed 60.1 samples/s	Data 0.002s (0.002s)	Loss 0.02001 (0.02093)
2022-11-12 12:18:10,475 Epoch: [5][160/200]	Time 0.526s (0.532s)	Speed 60.9 samples/s	Data 0.002s (0.002s)	Loss 0.02399 (0.02097)
2022-11-12 12:18:15,789 Epoch: [5][170/200]	Time 0.527s (0.532s)	Speed 60.7 samples/s	Data 0.002s (0.002s)	Loss 0.02284 (0.02099)
2022-11-12 12:18:21,102 Epoch: [5][180/200]	Time 0.519s (0.532s)	Speed 61.6 samples/s	Data 0.002s (0.002s)	Loss 0.01860 (0.02086)
2022-11-12 12:18:26,882 Epoch: [5][190/200]	Time 0.555s (0.534s)	Speed 57.6 samples/s	Data 0.002s (0.002s)	Loss 0.01760 (0.02082)
2022-11-12 12:18:31,920 Test: [0/200]	Time 0.077 (0.077)	Loss 0.1031 (0.1031)
2022-11-12 12:18:32,410 Test: [10/200]	Time 0.039 (0.052)	Loss 0.0177 (0.0683)
2022-11-12 12:18:32,813 Test: [20/200]	Time 0.038 (0.046)	Loss 0.0575 (0.0686)
2022-11-12 12:18:33,239 Test: [30/200]	Time 0.044 (0.045)	Loss 0.1087 (0.0729)
2022-11-12 12:18:33,640 Test: [40/200]	Time 0.039 (0.044)	Loss 0.0718 (0.0776)
2022-11-12 12:18:34,033 Test: [50/200]	Time 0.039 (0.043)	Loss 0.1010 (0.0778)
2022-11-12 12:18:34,441 Test: [60/200]	Time 0.037 (0.043)	Loss 0.0735 (0.0799)
2022-11-12 12:18:34,843 Test: [70/200]	Time 0.037 (0.042)	Loss 0.0628 (0.0808)
2022-11-12 12:18:35,250 Test: [80/200]	Time 0.045 (0.042)	Loss 0.0841 (0.0789)
2022-11-12 12:18:35,645 Test: [90/200]	Time 0.039 (0.042)	Loss 0.1426 (0.0819)
2022-11-12 12:18:36,039 Test: [100/200]	Time 0.039 (0.042)	Loss 0.1024 (0.0812)
2022-11-12 12:18:36,444 Test: [110/200]	Time 0.040 (0.041)	Loss 0.1907 (0.0826)
2022-11-12 12:18:36,842 Test: [120/200]	Time 0.042 (0.041)	Loss 0.0825 (0.0814)
2022-11-12 12:18:37,237 Test: [130/200]	Time 0.037 (0.041)	Loss 0.0869 (0.0824)
2022-11-12 12:18:37,634 Test: [140/200]	Time 0.038 (0.041)	Loss 0.0685 (0.0815)
2022-11-12 12:18:38,068 Test: [150/200]	Time 0.040 (0.041)	Loss 0.0836 (0.0807)
2022-11-12 12:18:38,471 Test: [160/200]	Time 0.039 (0.041)	Loss 0.0736 (0.0805)
2022-11-12 12:18:38,878 Test: [170/200]	Time 0.048 (0.041)	Loss 0.0655 (0.0795)
2022-11-12 12:18:39,273 Test: [180/200]	Time 0.038 (0.041)	Loss 0.0600 (0.0794)
2022-11-12 12:18:39,681 Test: [190/200]	Time 0.037 (0.041)	Loss 0.0436 (0.0792)
2022-11-12 12:18:41,210 Mean IoU score: 0.811
2022-11-12 12:18:41,210 => saving checkpoint to out
2022-11-12 12:18:41,925 Epoch: [6][0/200]	Time 0.627s (0.627s)	Speed 51.0 samples/s	Data 0.065s (0.065s)	Loss 0.01868 (0.01868)
2022-11-12 12:18:47,210 Epoch: [6][10/200]	Time 0.544s (0.538s)	Speed 58.9 samples/s	Data 0.002s (0.008s)	Loss 0.02031 (0.01869)
2022-11-12 12:18:52,538 Epoch: [6][20/200]	Time 0.541s (0.535s)	Speed 59.2 samples/s	Data 0.002s (0.005s)	Loss 0.01724 (0.01929)
2022-11-12 12:18:57,769 Epoch: [6][30/200]	Time 0.535s (0.531s)	Speed 59.8 samples/s	Data 0.002s (0.004s)	Loss 0.01778 (0.01941)
2022-11-12 12:19:03,106 Epoch: [6][40/200]	Time 0.560s (0.532s)	Speed 57.2 samples/s	Data 0.002s (0.003s)	Loss 0.01958 (0.01893)
2022-11-12 12:19:08,361 Epoch: [6][50/200]	Time 0.545s (0.531s)	Speed 58.7 samples/s	Data 0.002s (0.003s)	Loss 0.01974 (0.01887)
2022-11-12 12:19:13,587 Epoch: [6][60/200]	Time 0.515s (0.529s)	Speed 62.1 samples/s	Data 0.002s (0.003s)	Loss 0.01904 (0.01884)
2022-11-12 12:19:18,924 Epoch: [6][70/200]	Time 0.538s (0.530s)	Speed 59.5 samples/s	Data 0.002s (0.003s)	Loss 0.01879 (0.01882)
2022-11-12 12:19:24,569 Epoch: [6][80/200]	Time 0.548s (0.534s)	Speed 58.4 samples/s	Data 0.002s (0.003s)	Loss 0.02292 (0.01894)
2022-11-12 12:19:30,159 Epoch: [6][90/200]	Time 0.519s (0.537s)	Speed 61.6 samples/s	Data 0.002s (0.003s)	Loss 0.01639 (0.01875)
2022-11-12 12:19:35,484 Epoch: [6][100/200]	Time 0.530s (0.536s)	Speed 60.3 samples/s	Data 0.002s (0.003s)	Loss 0.01962 (0.01863)
2022-11-12 12:19:40,760 Epoch: [6][110/200]	Time 0.552s (0.536s)	Speed 57.9 samples/s	Data 0.002s (0.003s)	Loss 0.01393 (0.01848)
2022-11-12 12:19:46,078 Epoch: [6][120/200]	Time 0.529s (0.535s)	Speed 60.4 samples/s	Data 0.002s (0.002s)	Loss 0.01717 (0.01840)
2022-11-12 12:19:51,360 Epoch: [6][130/200]	Time 0.530s (0.535s)	Speed 60.4 samples/s	Data 0.002s (0.002s)	Loss 0.01625 (0.01826)
2022-11-12 12:19:56,634 Epoch: [6][140/200]	Time 0.526s (0.534s)	Speed 60.9 samples/s	Data 0.002s (0.002s)	Loss 0.01730 (0.01825)
2022-11-12 12:20:01,920 Epoch: [6][150/200]	Time 0.539s (0.534s)	Speed 59.3 samples/s	Data 0.002s (0.002s)	Loss 0.01589 (0.01819)
2022-11-12 12:20:07,497 Epoch: [6][160/200]	Time 0.536s (0.535s)	Speed 59.7 samples/s	Data 0.002s (0.002s)	Loss 0.02249 (0.01817)
2022-11-12 12:20:12,806 Epoch: [6][170/200]	Time 0.535s (0.535s)	Speed 59.8 samples/s	Data 0.002s (0.002s)	Loss 0.01637 (0.01810)
2022-11-12 12:20:18,064 Epoch: [6][180/200]	Time 0.510s (0.535s)	Speed 62.8 samples/s	Data 0.002s (0.002s)	Loss 0.01863 (0.01814)
2022-11-12 12:20:23,753 Epoch: [6][190/200]	Time 0.540s (0.536s)	Speed 59.3 samples/s	Data 0.002s (0.002s)	Loss 0.02046 (0.01817)
2022-11-12 12:20:28,793 Test: [0/200]	Time 0.077 (0.077)	Loss 0.0755 (0.0755)
2022-11-12 12:20:29,207 Test: [10/200]	Time 0.039 (0.045)	Loss 0.0194 (0.0659)
2022-11-12 12:20:29,608 Test: [20/200]	Time 0.039 (0.042)	Loss 0.0453 (0.0660)
2022-11-12 12:20:30,036 Test: [30/200]	Time 0.039 (0.043)	Loss 0.1193 (0.0712)
2022-11-12 12:20:30,434 Test: [40/200]	Time 0.040 (0.042)	Loss 0.0541 (0.0744)
2022-11-12 12:20:30,855 Test: [50/200]	Time 0.050 (0.042)	Loss 0.1089 (0.0748)
2022-11-12 12:20:31,266 Test: [60/200]	Time 0.038 (0.042)	Loss 0.0724 (0.0781)
2022-11-12 12:20:31,844 Test: [70/200]	Time 0.039 (0.044)	Loss 0.0656 (0.0790)
2022-11-12 12:20:32,249 Test: [80/200]	Time 0.039 (0.044)	Loss 0.0860 (0.0771)
2022-11-12 12:20:32,649 Test: [90/200]	Time 0.040 (0.043)	Loss 0.1353 (0.0786)
2022-11-12 12:20:33,050 Test: [100/200]	Time 0.041 (0.043)	Loss 0.0950 (0.0776)
2022-11-12 12:20:33,450 Test: [110/200]	Time 0.039 (0.043)	Loss 0.1774 (0.0784)
2022-11-12 12:20:33,852 Test: [120/200]	Time 0.039 (0.042)	Loss 0.0966 (0.0770)
2022-11-12 12:20:34,242 Test: [130/200]	Time 0.038 (0.042)	Loss 0.0785 (0.0773)
2022-11-12 12:20:34,647 Test: [140/200]	Time 0.038 (0.042)	Loss 0.0651 (0.0766)
2022-11-12 12:20:35,066 Test: [150/200]	Time 0.037 (0.042)	Loss 0.0754 (0.0756)
2022-11-12 12:20:35,468 Test: [160/200]	Time 0.047 (0.042)	Loss 0.0616 (0.0750)
2022-11-12 12:20:35,876 Test: [170/200]	Time 0.048 (0.042)	Loss 0.0715 (0.0742)
2022-11-12 12:20:36,259 Test: [180/200]	Time 0.038 (0.042)	Loss 0.0531 (0.0739)
2022-11-12 12:20:36,658 Test: [190/200]	Time 0.038 (0.042)	Loss 0.0422 (0.0739)
2022-11-12 12:20:38,189 Mean IoU score: 0.825
2022-11-12 12:20:38,189 => saving checkpoint to out
2022-11-12 12:20:38,912 Epoch: [7][0/200]	Time 0.633s (0.633s)	Speed 50.6 samples/s	Data 0.064s (0.064s)	Loss 0.01908 (0.01908)
2022-11-12 12:20:44,207 Epoch: [7][10/200]	Time 0.520s (0.539s)	Speed 61.6 samples/s	Data 0.002s (0.008s)	Loss 0.01627 (0.01668)
2022-11-12 12:20:49,434 Epoch: [7][20/200]	Time 0.526s (0.531s)	Speed 60.8 samples/s	Data 0.002s (0.005s)	Loss 0.01240 (0.01614)
2022-11-12 12:20:54,710 Epoch: [7][30/200]	Time 0.520s (0.530s)	Speed 61.5 samples/s	Data 0.002s (0.004s)	Loss 0.01508 (0.01626)
2022-11-12 12:20:59,989 Epoch: [7][40/200]	Time 0.562s (0.530s)	Speed 56.9 samples/s	Data 0.002s (0.003s)	Loss 0.01729 (0.01591)
2022-11-12 12:21:05,573 Epoch: [7][50/200]	Time 0.529s (0.535s)	Speed 60.5 samples/s	Data 0.002s (0.003s)	Loss 0.01568 (0.01615)
2022-11-12 12:21:10,789 Epoch: [7][60/200]	Time 0.516s (0.533s)	Speed 62.0 samples/s	Data 0.002s (0.003s)	Loss 0.01455 (0.01601)
2022-11-12 12:21:16,046 Epoch: [7][70/200]	Time 0.523s (0.532s)	Speed 61.2 samples/s	Data 0.002s (0.003s)	Loss 0.01566 (0.01594)
2022-11-12 12:21:21,386 Epoch: [7][80/200]	Time 0.525s (0.532s)	Speed 61.0 samples/s	Data 0.002s (0.003s)	Loss 0.01671 (0.01590)
2022-11-12 12:21:27,072 Epoch: [7][90/200]	Time 0.546s (0.536s)	Speed 58.6 samples/s	Data 0.002s (0.003s)	Loss 0.01676 (0.01579)
2022-11-12 12:21:32,639 Epoch: [7][100/200]	Time 0.512s (0.538s)	Speed 62.6 samples/s	Data 0.002s (0.003s)	Loss 0.01869 (0.01577)
2022-11-12 12:21:37,878 Epoch: [7][110/200]	Time 0.511s (0.537s)	Speed 62.6 samples/s	Data 0.002s (0.003s)	Loss 0.01862 (0.01575)
2022-11-12 12:21:43,132 Epoch: [7][120/200]	Time 0.519s (0.536s)	Speed 61.7 samples/s	Data 0.003s (0.002s)	Loss 0.01714 (0.01577)
2022-11-12 12:21:48,387 Epoch: [7][130/200]	Time 0.528s (0.535s)	Speed 60.6 samples/s	Data 0.002s (0.002s)	Loss 0.01893 (0.01579)
2022-11-12 12:21:53,695 Epoch: [7][140/200]	Time 0.544s (0.535s)	Speed 58.8 samples/s	Data 0.002s (0.002s)	Loss 0.01512 (0.01569)
2022-11-12 12:21:58,937 Epoch: [7][150/200]	Time 0.541s (0.534s)	Speed 59.2 samples/s	Data 0.002s (0.002s)	Loss 0.01415 (0.01563)
2022-11-12 12:22:04,252 Epoch: [7][160/200]	Time 0.537s (0.534s)	Speed 59.6 samples/s	Data 0.002s (0.002s)	Loss 0.01686 (0.01565)
2022-11-12 12:22:09,574 Epoch: [7][170/200]	Time 0.534s (0.534s)	Speed 59.9 samples/s	Data 0.002s (0.002s)	Loss 0.01654 (0.01569)
2022-11-12 12:22:14,867 Epoch: [7][180/200]	Time 0.527s (0.534s)	Speed 60.7 samples/s	Data 0.002s (0.002s)	Loss 0.01751 (0.01565)
2022-11-12 12:22:20,346 Epoch: [7][190/200]	Time 0.576s (0.534s)	Speed 55.5 samples/s	Data 0.002s (0.002s)	Loss 0.01699 (0.01565)
2022-11-12 12:22:25,746 Test: [0/200]	Time 0.083 (0.083)	Loss 0.0879 (0.0879)
2022-11-12 12:22:26,182 Test: [10/200]	Time 0.042 (0.047)	Loss 0.0112 (0.0622)
2022-11-12 12:22:26,617 Test: [20/200]	Time 0.043 (0.045)	Loss 0.0434 (0.0631)
2022-11-12 12:22:27,081 Test: [30/200]	Time 0.043 (0.046)	Loss 0.0897 (0.0666)
2022-11-12 12:22:27,527 Test: [40/200]	Time 0.043 (0.045)	Loss 0.0549 (0.0704)
2022-11-12 12:22:27,975 Test: [50/200]	Time 0.041 (0.045)	Loss 0.1004 (0.0704)
2022-11-12 12:22:28,417 Test: [60/200]	Time 0.041 (0.045)	Loss 0.0662 (0.0735)
2022-11-12 12:22:28,860 Test: [70/200]	Time 0.050 (0.045)	Loss 0.0574 (0.0744)
2022-11-12 12:22:29,297 Test: [80/200]	Time 0.045 (0.045)	Loss 0.0821 (0.0723)
2022-11-12 12:22:29,741 Test: [90/200]	Time 0.044 (0.045)	Loss 0.1144 (0.0740)
2022-11-12 12:22:30,201 Test: [100/200]	Time 0.047 (0.045)	Loss 0.0992 (0.0731)
2022-11-12 12:22:30,727 Test: [110/200]	Time 0.042 (0.046)	Loss 0.1885 (0.0740)
2022-11-12 12:22:31,152 Test: [120/200]	Time 0.039 (0.045)	Loss 0.0936 (0.0726)
2022-11-12 12:22:31,575 Test: [130/200]	Time 0.043 (0.045)	Loss 0.0688 (0.0728)
2022-11-12 12:22:32,004 Test: [140/200]	Time 0.039 (0.045)	Loss 0.0601 (0.0721)
2022-11-12 12:22:32,426 Test: [150/200]	Time 0.043 (0.045)	Loss 0.0675 (0.0711)
2022-11-12 12:22:32,841 Test: [160/200]	Time 0.040 (0.045)	Loss 0.0757 (0.0706)
2022-11-12 12:22:33,257 Test: [170/200]	Time 0.039 (0.044)	Loss 0.0648 (0.0699)
2022-11-12 12:22:33,676 Test: [180/200]	Time 0.039 (0.044)	Loss 0.0450 (0.0696)
2022-11-12 12:22:34,082 Test: [190/200]	Time 0.039 (0.044)	Loss 0.0349 (0.0696)
2022-11-12 12:22:35,644 Mean IoU score: 0.832
2022-11-12 12:22:35,645 => saving checkpoint to out
2022-11-12 12:22:36,374 Epoch: [8][0/200]	Time 0.636s (0.636s)	Speed 50.3 samples/s	Data 0.069s (0.069s)	Loss 0.01126 (0.01126)
2022-11-12 12:22:42,015 Epoch: [8][10/200]	Time 0.562s (0.571s)	Speed 56.9 samples/s	Data 0.003s (0.008s)	Loss 0.01569 (0.01483)
2022-11-12 12:22:47,499 Epoch: [8][20/200]	Time 0.549s (0.560s)	Speed 58.2 samples/s	Data 0.002s (0.005s)	Loss 0.01755 (0.01460)
2022-11-12 12:22:53,016 Epoch: [8][30/200]	Time 0.553s (0.557s)	Speed 57.8 samples/s	Data 0.002s (0.004s)	Loss 0.01773 (0.01462)
2022-11-12 12:22:58,517 Epoch: [8][40/200]	Time 0.551s (0.556s)	Speed 58.1 samples/s	Data 0.002s (0.004s)	Loss 0.01328 (0.01452)
2022-11-12 12:23:04,045 Epoch: [8][50/200]	Time 0.563s (0.555s)	Speed 56.9 samples/s	Data 0.002s (0.003s)	Loss 0.01296 (0.01440)
2022-11-12 12:23:09,877 Epoch: [8][60/200]	Time 0.547s (0.560s)	Speed 58.5 samples/s	Data 0.002s (0.003s)	Loss 0.01581 (0.01445)
2022-11-12 12:23:15,470 Epoch: [8][70/200]	Time 0.547s (0.560s)	Speed 58.5 samples/s	Data 0.002s (0.003s)	Loss 0.01859 (0.01444)
2022-11-12 12:23:20,924 Epoch: [8][80/200]	Time 0.537s (0.558s)	Speed 59.6 samples/s	Data 0.002s (0.003s)	Loss 0.02055 (0.01429)
2022-11-12 12:23:26,911 Epoch: [8][90/200]	Time 0.586s (0.562s)	Speed 54.6 samples/s	Data 0.002s (0.003s)	Loss 0.01262 (0.01424)
2022-11-12 12:23:32,798 Epoch: [8][100/200]	Time 0.571s (0.565s)	Speed 56.0 samples/s	Data 0.002s (0.003s)	Loss 0.01683 (0.01431)
2022-11-12 12:23:38,393 Epoch: [8][110/200]	Time 0.561s (0.564s)	Speed 57.0 samples/s	Data 0.002s (0.003s)	Loss 0.01442 (0.01426)
2022-11-12 12:23:43,931 Epoch: [8][120/200]	Time 0.560s (0.564s)	Speed 57.2 samples/s	Data 0.002s (0.003s)	Loss 0.01346 (0.01423)
2022-11-12 12:23:49,450 Epoch: [8][130/200]	Time 0.561s (0.563s)	Speed 57.0 samples/s	Data 0.002s (0.002s)	Loss 0.01408 (0.01415)
2022-11-12 12:23:54,961 Epoch: [8][140/200]	Time 0.538s (0.562s)	Speed 59.5 samples/s	Data 0.002s (0.002s)	Loss 0.01762 (0.01419)
2022-11-12 12:24:00,440 Epoch: [8][150/200]	Time 0.556s (0.561s)	Speed 57.5 samples/s	Data 0.002s (0.002s)	Loss 0.01025 (0.01417)
2022-11-12 12:24:05,975 Epoch: [8][160/200]	Time 0.555s (0.560s)	Speed 57.7 samples/s	Data 0.002s (0.002s)	Loss 0.01424 (0.01423)
2022-11-12 12:24:11,523 Epoch: [8][170/200]	Time 0.556s (0.560s)	Speed 57.6 samples/s	Data 0.002s (0.002s)	Loss 0.01365 (0.01422)
2022-11-12 12:24:17,061 Epoch: [8][180/200]	Time 0.568s (0.560s)	Speed 56.4 samples/s	Data 0.002s (0.002s)	Loss 0.01399 (0.01425)
2022-11-12 12:24:22,924 Epoch: [8][190/200]	Time 0.578s (0.561s)	Speed 55.4 samples/s	Data 0.002s (0.002s)	Loss 0.01509 (0.01427)
2022-11-12 12:24:28,303 Test: [0/200]	Time 0.082 (0.082)	Loss 0.0894 (0.0894)
2022-11-12 12:24:28,729 Test: [10/200]	Time 0.040 (0.046)	Loss 0.0110 (0.0600)
2022-11-12 12:24:29,155 Test: [20/200]	Time 0.040 (0.045)	Loss 0.0377 (0.0603)
2022-11-12 12:24:29,587 Test: [30/200]	Time 0.040 (0.044)	Loss 0.0877 (0.0643)
2022-11-12 12:24:30,015 Test: [40/200]	Time 0.040 (0.044)	Loss 0.0515 (0.0690)
2022-11-12 12:24:30,450 Test: [50/200]	Time 0.042 (0.044)	Loss 0.1078 (0.0695)
2022-11-12 12:24:30,870 Test: [60/200]	Time 0.045 (0.043)	Loss 0.0661 (0.0727)
2022-11-12 12:24:31,307 Test: [70/200]	Time 0.051 (0.043)	Loss 0.0695 (0.0743)
2022-11-12 12:24:31,729 Test: [80/200]	Time 0.043 (0.043)	Loss 0.0830 (0.0725)
2022-11-12 12:24:32,142 Test: [90/200]	Time 0.039 (0.043)	Loss 0.1188 (0.0740)
2022-11-12 12:24:32,571 Test: [100/200]	Time 0.039 (0.043)	Loss 0.0848 (0.0725)
2022-11-12 12:24:33,000 Test: [110/200]	Time 0.040 (0.043)	Loss 0.2081 (0.0732)
2022-11-12 12:24:33,412 Test: [120/200]	Time 0.040 (0.043)	Loss 0.0746 (0.0720)
2022-11-12 12:24:33,831 Test: [130/200]	Time 0.045 (0.043)	Loss 0.0813 (0.0722)
2022-11-12 12:24:34,251 Test: [140/200]	Time 0.042 (0.043)	Loss 0.0514 (0.0713)
2022-11-12 12:24:34,700 Test: [150/200]	Time 0.039 (0.043)	Loss 0.0639 (0.0705)
2022-11-12 12:24:35,127 Test: [160/200]	Time 0.037 (0.043)	Loss 0.0624 (0.0700)
2022-11-12 12:24:35,547 Test: [170/200]	Time 0.040 (0.043)	Loss 0.0549 (0.0693)
2022-11-12 12:24:35,969 Test: [180/200]	Time 0.044 (0.043)	Loss 0.0415 (0.0689)
2022-11-12 12:24:36,386 Test: [190/200]	Time 0.041 (0.043)	Loss 0.0324 (0.0691)
2022-11-12 12:24:37,943 Mean IoU score: 0.835
2022-11-12 12:24:37,944 => saving checkpoint to out
2022-11-12 12:24:38,707 Epoch: [9][0/200]	Time 0.667s (0.667s)	Speed 48.0 samples/s	Data 0.066s (0.066s)	Loss 0.01621 (0.01621)
2022-11-12 12:24:44,242 Epoch: [9][10/200]	Time 0.540s (0.564s)	Speed 59.3 samples/s	Data 0.002s (0.008s)	Loss 0.01309 (0.01336)
2022-11-12 12:24:49,757 Epoch: [9][20/200]	Time 0.574s (0.558s)	Speed 55.7 samples/s	Data 0.002s (0.005s)	Loss 0.01557 (0.01352)
2022-11-12 12:24:55,222 Epoch: [9][30/200]	Time 0.538s (0.554s)	Speed 59.5 samples/s	Data 0.002s (0.004s)	Loss 0.01313 (0.01346)
2022-11-12 12:25:00,741 Epoch: [9][40/200]	Time 0.546s (0.554s)	Speed 58.6 samples/s	Data 0.002s (0.004s)	Loss 0.01183 (0.01336)
2022-11-12 12:25:06,222 Epoch: [9][50/200]	Time 0.538s (0.553s)	Speed 59.4 samples/s	Data 0.002s (0.003s)	Loss 0.01233 (0.01333)
2022-11-12 12:25:11,749 Epoch: [9][60/200]	Time 0.556s (0.553s)	Speed 57.6 samples/s	Data 0.002s (0.003s)	Loss 0.01692 (0.01325)
2022-11-12 12:25:17,362 Epoch: [9][70/200]	Time 0.565s (0.554s)	Speed 56.7 samples/s	Data 0.002s (0.003s)	Loss 0.01570 (0.01338)
2022-11-12 12:25:23,344 Epoch: [9][80/200]	Time 0.567s (0.559s)	Speed 56.4 samples/s	Data 0.002s (0.003s)	Loss 0.01282 (0.01344)
2022-11-12 12:25:29,148 Epoch: [9][90/200]	Time 0.555s (0.562s)	Speed 57.6 samples/s	Data 0.002s (0.003s)	Loss 0.01408 (0.01336)
2022-11-12 12:25:34,762 Epoch: [9][100/200]	Time 0.566s (0.562s)	Speed 56.5 samples/s	Data 0.002s (0.003s)	Loss 0.01067 (0.01329)
2022-11-12 12:25:40,255 Epoch: [9][110/200]	Time 0.553s (0.561s)	Speed 57.9 samples/s	Data 0.002s (0.003s)	Loss 0.01136 (0.01320)
2022-11-12 12:25:45,781 Epoch: [9][120/200]	Time 0.557s (0.560s)	Speed 57.4 samples/s	Data 0.002s (0.003s)	Loss 0.00951 (0.01315)
2022-11-12 12:25:51,387 Epoch: [9][130/200]	Time 0.581s (0.560s)	Speed 55.1 samples/s	Data 0.002s (0.003s)	Loss 0.01152 (0.01318)
2022-11-12 12:25:56,835 Epoch: [9][140/200]	Time 0.532s (0.559s)	Speed 60.1 samples/s	Data 0.002s (0.002s)	Loss 0.00913 (0.01303)
2022-11-12 12:26:02,371 Epoch: [9][150/200]	Time 0.555s (0.558s)	Speed 57.6 samples/s	Data 0.002s (0.002s)	Loss 0.01407 (0.01309)
2022-11-12 12:26:07,865 Epoch: [9][160/200]	Time 0.564s (0.558s)	Speed 56.7 samples/s	Data 0.002s (0.002s)	Loss 0.01297 (0.01311)
2022-11-12 12:26:13,383 Epoch: [9][170/200]	Time 0.553s (0.558s)	Speed 57.9 samples/s	Data 0.002s (0.002s)	Loss 0.01516 (0.01311)
2022-11-12 12:26:18,891 Epoch: [9][180/200]	Time 0.556s (0.557s)	Speed 57.5 samples/s	Data 0.002s (0.002s)	Loss 0.01108 (0.01307)
2022-11-12 12:26:24,814 Epoch: [9][190/200]	Time 0.573s (0.559s)	Speed 55.9 samples/s	Data 0.002s (0.002s)	Loss 0.01302 (0.01306)
2022-11-12 12:26:30,231 Test: [0/200]	Time 0.094 (0.094)	Loss 0.0851 (0.0851)
2022-11-12 12:26:30,660 Test: [10/200]	Time 0.041 (0.048)	Loss 0.0111 (0.0594)
2022-11-12 12:26:31,085 Test: [20/200]	Time 0.041 (0.045)	Loss 0.0469 (0.0614)
2022-11-12 12:26:31,528 Test: [30/200]	Time 0.040 (0.045)	Loss 0.0918 (0.0648)
2022-11-12 12:26:31,948 Test: [40/200]	Time 0.039 (0.044)	Loss 0.0442 (0.0689)
2022-11-12 12:26:32,379 Test: [50/200]	Time 0.041 (0.044)	Loss 0.0957 (0.0684)
2022-11-12 12:26:32,802 Test: [60/200]	Time 0.040 (0.044)	Loss 0.0646 (0.0710)
2022-11-12 12:26:33,219 Test: [70/200]	Time 0.040 (0.043)	Loss 0.0627 (0.0724)
2022-11-12 12:26:33,639 Test: [80/200]	Time 0.040 (0.043)	Loss 0.0727 (0.0704)
2022-11-12 12:26:34,074 Test: [90/200]	Time 0.041 (0.043)	Loss 0.1324 (0.0717)
2022-11-12 12:26:34,506 Test: [100/200]	Time 0.041 (0.043)	Loss 0.0905 (0.0706)
2022-11-12 12:26:34,920 Test: [110/200]	Time 0.039 (0.043)	Loss 0.1833 (0.0718)
2022-11-12 12:26:35,347 Test: [120/200]	Time 0.042 (0.043)	Loss 0.0818 (0.0709)
2022-11-12 12:26:35,764 Test: [130/200]	Time 0.040 (0.043)	Loss 0.0767 (0.0711)
2022-11-12 12:26:36,197 Test: [140/200]	Time 0.046 (0.043)	Loss 0.0570 (0.0703)
2022-11-12 12:26:36,623 Test: [150/200]	Time 0.038 (0.043)	Loss 0.0637 (0.0692)
2022-11-12 12:26:37,050 Test: [160/200]	Time 0.040 (0.043)	Loss 0.0711 (0.0686)
2022-11-12 12:26:37,473 Test: [170/200]	Time 0.040 (0.043)	Loss 0.0667 (0.0680)
2022-11-12 12:26:37,896 Test: [180/200]	Time 0.040 (0.043)	Loss 0.0483 (0.0678)
2022-11-12 12:26:38,312 Test: [190/200]	Time 0.045 (0.043)	Loss 0.0358 (0.0679)
2022-11-12 12:26:39,898 Mean IoU score: 0.837
2022-11-12 12:26:39,899 => saving checkpoint to out
2022-11-12 12:26:40,682 Epoch: [10][0/200]	Time 0.688s (0.688s)	Speed 46.5 samples/s	Data 0.067s (0.067s)	Loss 0.01291 (0.01291)
2022-11-12 12:26:46,219 Epoch: [10][10/200]	Time 0.554s (0.566s)	Speed 57.8 samples/s	Data 0.003s (0.008s)	Loss 0.01113 (0.01211)
2022-11-12 12:26:51,700 Epoch: [10][20/200]	Time 0.554s (0.557s)	Speed 57.8 samples/s	Data 0.002s (0.005s)	Loss 0.01082 (0.01193)
2022-11-12 12:26:57,168 Epoch: [10][30/200]	Time 0.543s (0.554s)	Speed 58.9 samples/s	Data 0.002s (0.004s)	Loss 0.01199 (0.01194)
2022-11-12 12:27:02,696 Epoch: [10][40/200]	Time 0.557s (0.554s)	Speed 57.4 samples/s	Data 0.002s (0.004s)	Loss 0.01554 (0.01234)
2022-11-12 12:27:08,198 Epoch: [10][50/200]	Time 0.557s (0.553s)	Speed 57.4 samples/s	Data 0.002s (0.003s)	Loss 0.01319 (0.01244)
2022-11-12 12:27:13,667 Epoch: [10][60/200]	Time 0.537s (0.552s)	Speed 59.6 samples/s	Data 0.002s (0.003s)	Loss 0.01193 (0.01235)
2022-11-12 12:27:19,307 Epoch: [10][70/200]	Time 0.622s (0.554s)	Speed 51.4 samples/s	Data 0.002s (0.003s)	Loss 0.00982 (0.01232)
2022-11-12 12:27:25,524 Epoch: [10][80/200]	Time 0.569s (0.562s)	Speed 56.2 samples/s	Data 0.002s (0.003s)	Loss 0.01256 (0.01233)
2022-11-12 12:27:31,285 Epoch: [10][90/200]	Time 0.533s (0.564s)	Speed 60.0 samples/s	Data 0.002s (0.003s)	Loss 0.01507 (0.01233)
2022-11-12 12:27:36,763 Epoch: [10][100/200]	Time 0.548s (0.562s)	Speed 58.4 samples/s	Data 0.002s (0.003s)	Loss 0.01161 (0.01230)
2022-11-12 12:27:42,399 Epoch: [10][110/200]	Time 0.543s (0.562s)	Speed 58.9 samples/s	Data 0.002s (0.003s)	Loss 0.01346 (0.01226)
2022-11-12 12:27:47,940 Epoch: [10][120/200]	Time 0.555s (0.562s)	Speed 57.6 samples/s	Data 0.002s (0.003s)	Loss 0.01520 (0.01226)
2022-11-12 12:27:53,493 Epoch: [10][130/200]	Time 0.544s (0.561s)	Speed 58.8 samples/s	Data 0.002s (0.002s)	Loss 0.01235 (0.01222)
2022-11-12 12:27:58,982 Epoch: [10][140/200]	Time 0.551s (0.560s)	Speed 58.1 samples/s	Data 0.002s (0.002s)	Loss 0.01460 (0.01228)
2022-11-12 12:28:04,522 Epoch: [10][150/200]	Time 0.563s (0.560s)	Speed 56.8 samples/s	Data 0.002s (0.002s)	Loss 0.01160 (0.01229)
2022-11-12 12:28:10,025 Epoch: [10][160/200]	Time 0.559s (0.559s)	Speed 57.2 samples/s	Data 0.002s (0.002s)	Loss 0.01120 (0.01229)
2022-11-12 12:28:15,540 Epoch: [10][170/200]	Time 0.537s (0.559s)	Speed 59.6 samples/s	Data 0.002s (0.002s)	Loss 0.01350 (0.01232)
2022-11-12 12:28:21,102 Epoch: [10][180/200]	Time 0.559s (0.559s)	Speed 57.3 samples/s	Data 0.002s (0.002s)	Loss 0.01626 (0.01236)
2022-11-12 12:28:27,076 Epoch: [10][190/200]	Time 0.587s (0.561s)	Speed 54.5 samples/s	Data 0.002s (0.002s)	Loss 0.01277 (0.01236)
2022-11-12 12:28:32,433 Test: [0/200]	Time 0.074 (0.074)	Loss 0.0869 (0.0869)
2022-11-12 12:28:32,851 Test: [10/200]	Time 0.039 (0.045)	Loss 0.0110 (0.0648)
2022-11-12 12:28:33,274 Test: [20/200]	Time 0.041 (0.044)	Loss 0.0408 (0.0632)
2022-11-12 12:28:33,717 Test: [30/200]	Time 0.040 (0.044)	Loss 0.1087 (0.0661)
2022-11-12 12:28:34,135 Test: [40/200]	Time 0.042 (0.043)	Loss 0.0450 (0.0695)
2022-11-12 12:28:34,567 Test: [50/200]	Time 0.041 (0.043)	Loss 0.1011 (0.0700)
2022-11-12 12:28:34,996 Test: [60/200]	Time 0.042 (0.043)	Loss 0.0659 (0.0733)
2022-11-12 12:28:35,428 Test: [70/200]	Time 0.041 (0.043)	Loss 0.0588 (0.0742)
2022-11-12 12:28:35,863 Test: [80/200]	Time 0.042 (0.043)	Loss 0.0777 (0.0726)
2022-11-12 12:28:36,298 Test: [90/200]	Time 0.041 (0.043)	Loss 0.1221 (0.0739)
2022-11-12 12:28:36,735 Test: [100/200]	Time 0.041 (0.043)	Loss 0.0928 (0.0729)
2022-11-12 12:28:37,168 Test: [110/200]	Time 0.046 (0.043)	Loss 0.1939 (0.0738)
2022-11-12 12:28:37,594 Test: [120/200]	Time 0.040 (0.043)	Loss 0.0873 (0.0724)
2022-11-12 12:28:38,030 Test: [130/200]	Time 0.043 (0.043)	Loss 0.0602 (0.0725)
2022-11-12 12:28:38,486 Test: [140/200]	Time 0.073 (0.043)	Loss 0.0545 (0.0718)
2022-11-12 12:28:38,914 Test: [150/200]	Time 0.039 (0.043)	Loss 0.0749 (0.0708)
2022-11-12 12:28:39,348 Test: [160/200]	Time 0.044 (0.043)	Loss 0.0844 (0.0702)
2022-11-12 12:28:39,794 Test: [170/200]	Time 0.047 (0.043)	Loss 0.0716 (0.0693)
2022-11-12 12:28:40,236 Test: [180/200]	Time 0.041 (0.044)	Loss 0.0517 (0.0691)
2022-11-12 12:28:40,671 Test: [190/200]	Time 0.040 (0.044)	Loss 0.0346 (0.0692)
2022-11-12 12:28:42,255 Mean IoU score: 0.836
2022-11-12 12:28:42,255 => saving checkpoint to out
2022-11-12 12:28:43,001 Epoch: [11][0/200]	Time 0.671s (0.671s)	Speed 47.7 samples/s	Data 0.064s (0.064s)	Loss 0.01136 (0.01136)
2022-11-12 12:28:48,628 Epoch: [11][10/200]	Time 0.573s (0.573s)	Speed 55.8 samples/s	Data 0.002s (0.008s)	Loss 0.00958 (0.01191)
2022-11-12 12:28:54,141 Epoch: [11][20/200]	Time 0.536s (0.562s)	Speed 59.7 samples/s	Data 0.002s (0.005s)	Loss 0.01052 (0.01170)
2022-11-12 12:28:59,671 Epoch: [11][30/200]	Time 0.561s (0.559s)	Speed 57.0 samples/s	Data 0.002s (0.004s)	Loss 0.01032 (0.01162)
2022-11-12 12:29:05,160 Epoch: [11][40/200]	Time 0.541s (0.557s)	Speed 59.2 samples/s	Data 0.002s (0.004s)	Loss 0.01026 (0.01164)
2022-11-12 12:29:10,672 Epoch: [11][50/200]	Time 0.550s (0.556s)	Speed 58.2 samples/s	Data 0.002s (0.003s)	Loss 0.00948 (0.01162)
2022-11-12 12:29:16,144 Epoch: [11][60/200]	Time 0.556s (0.554s)	Speed 57.6 samples/s	Data 0.002s (0.003s)	Loss 0.00976 (0.01152)
2022-11-12 12:29:21,678 Epoch: [11][70/200]	Time 0.552s (0.554s)	Speed 57.9 samples/s	Data 0.002s (0.003s)	Loss 0.01267 (0.01157)
2022-11-12 12:29:27,598 Epoch: [11][80/200]	Time 0.564s (0.559s)	Speed 56.8 samples/s	Data 0.002s (0.003s)	Loss 0.01083 (0.01150)
2022-11-12 12:29:33,409 Epoch: [11][90/200]	Time 0.565s (0.561s)	Speed 56.6 samples/s	Data 0.002s (0.003s)	Loss 0.00987 (0.01148)
2022-11-12 12:29:38,919 Epoch: [11][100/200]	Time 0.537s (0.560s)	Speed 59.6 samples/s	Data 0.002s (0.003s)	Loss 0.01166 (0.01144)
2022-11-12 12:29:44,459 Epoch: [11][110/200]	Time 0.563s (0.560s)	Speed 56.8 samples/s	Data 0.002s (0.003s)	Loss 0.01019 (0.01154)
2022-11-12 12:29:49,983 Epoch: [11][120/200]	Time 0.559s (0.559s)	Speed 57.2 samples/s	Data 0.002s (0.003s)	Loss 0.01230 (0.01159)
2022-11-12 12:29:55,522 Epoch: [11][130/200]	Time 0.567s (0.559s)	Speed 56.5 samples/s	Data 0.002s (0.002s)	Loss 0.01383 (0.01157)
2022-11-12 12:30:01,037 Epoch: [11][140/200]	Time 0.547s (0.558s)	Speed 58.5 samples/s	Data 0.002s (0.002s)	Loss 0.01401 (0.01155)
2022-11-12 12:30:06,538 Epoch: [11][150/200]	Time 0.545s (0.558s)	Speed 58.7 samples/s	Data 0.002s (0.002s)	Loss 0.01167 (0.01154)
2022-11-12 12:30:12,019 Epoch: [11][160/200]	Time 0.534s (0.557s)	Speed 60.0 samples/s	Data 0.002s (0.002s)	Loss 0.00723 (0.01156)
2022-11-12 12:30:17,489 Epoch: [11][170/200]	Time 0.538s (0.556s)	Speed 59.5 samples/s	Data 0.002s (0.002s)	Loss 0.01361 (0.01160)
2022-11-12 12:30:23,441 Epoch: [11][180/200]	Time 0.573s (0.559s)	Speed 55.9 samples/s	Data 0.002s (0.002s)	Loss 0.00923 (0.01158)
2022-11-12 12:30:29,219 Epoch: [11][190/200]	Time 0.546s (0.560s)	Speed 58.6 samples/s	Data 0.002s (0.002s)	Loss 0.01291 (0.01161)
2022-11-12 12:30:34,426 Test: [0/200]	Time 0.082 (0.082)	Loss 0.0846 (0.0846)
2022-11-12 12:30:34,849 Test: [10/200]	Time 0.041 (0.046)	Loss 0.0107 (0.0577)
2022-11-12 12:30:35,277 Test: [20/200]	Time 0.045 (0.044)	Loss 0.0428 (0.0597)
2022-11-12 12:30:35,740 Test: [30/200]	Time 0.041 (0.045)	Loss 0.0922 (0.0639)
2022-11-12 12:30:36,158 Test: [40/200]	Time 0.041 (0.044)	Loss 0.0460 (0.0679)
2022-11-12 12:30:36,584 Test: [50/200]	Time 0.040 (0.044)	Loss 0.0995 (0.0671)
2022-11-12 12:30:37,015 Test: [60/200]	Time 0.041 (0.044)	Loss 0.0668 (0.0699)
2022-11-12 12:30:37,446 Test: [70/200]	Time 0.040 (0.044)	Loss 0.0660 (0.0712)
2022-11-12 12:30:37,869 Test: [80/200]	Time 0.045 (0.044)	Loss 0.0892 (0.0695)
2022-11-12 12:30:38,293 Test: [90/200]	Time 0.039 (0.043)	Loss 0.1213 (0.0706)
2022-11-12 12:30:38,712 Test: [100/200]	Time 0.042 (0.043)	Loss 0.0810 (0.0694)
2022-11-12 12:30:39,140 Test: [110/200]	Time 0.041 (0.043)	Loss 0.1977 (0.0703)
2022-11-12 12:30:39,559 Test: [120/200]	Time 0.039 (0.043)	Loss 0.0793 (0.0693)
2022-11-12 12:30:39,976 Test: [130/200]	Time 0.041 (0.043)	Loss 0.0651 (0.0693)
2022-11-12 12:30:40,405 Test: [140/200]	Time 0.039 (0.043)	Loss 0.0536 (0.0685)
2022-11-12 12:30:40,828 Test: [150/200]	Time 0.039 (0.043)	Loss 0.0685 (0.0676)
2022-11-12 12:30:41,252 Test: [160/200]	Time 0.043 (0.043)	Loss 0.0738 (0.0673)
2022-11-12 12:30:41,673 Test: [170/200]	Time 0.045 (0.043)	Loss 0.0635 (0.0667)
2022-11-12 12:30:42,085 Test: [180/200]	Time 0.041 (0.043)	Loss 0.0499 (0.0664)
2022-11-12 12:30:42,507 Test: [190/200]	Time 0.043 (0.043)	Loss 0.0274 (0.0665)
2022-11-12 12:30:44,091 Mean IoU score: 0.842
2022-11-12 12:30:44,092 => saving checkpoint to out
2022-11-12 12:30:44,868 Epoch: [12][0/200]	Time 0.653s (0.653s)	Speed 49.0 samples/s	Data 0.074s (0.074s)	Loss 0.00895 (0.00895)
2022-11-12 12:30:50,380 Epoch: [12][10/200]	Time 0.556s (0.560s)	Speed 57.5 samples/s	Data 0.002s (0.008s)	Loss 0.01051 (0.01070)
2022-11-12 12:30:55,956 Epoch: [12][20/200]	Time 0.569s (0.559s)	Speed 56.3 samples/s	Data 0.002s (0.005s)	Loss 0.00948 (0.01068)
2022-11-12 12:31:01,420 Epoch: [12][30/200]	Time 0.538s (0.555s)	Speed 59.5 samples/s	Data 0.002s (0.004s)	Loss 0.00818 (0.01082)
2022-11-12 12:31:06,953 Epoch: [12][40/200]	Time 0.559s (0.555s)	Speed 57.2 samples/s	Data 0.002s (0.004s)	Loss 0.00874 (0.01080)
2022-11-12 12:31:12,500 Epoch: [12][50/200]	Time 0.556s (0.555s)	Speed 57.5 samples/s	Data 0.002s (0.003s)	Loss 0.01111 (0.01093)
2022-11-12 12:31:18,233 Epoch: [12][60/200]	Time 0.541s (0.558s)	Speed 59.2 samples/s	Data 0.002s (0.003s)	Loss 0.01231 (0.01103)
2022-11-12 12:31:24,230 Epoch: [12][70/200]	Time 0.581s (0.564s)	Speed 55.1 samples/s	Data 0.002s (0.003s)	Loss 0.01250 (0.01107)
2022-11-12 12:31:29,976 Epoch: [12][80/200]	Time 0.540s (0.565s)	Speed 59.3 samples/s	Data 0.002s (0.003s)	Loss 0.01072 (0.01117)
2022-11-12 12:31:35,549 Epoch: [12][90/200]	Time 0.555s (0.564s)	Speed 57.6 samples/s	Data 0.002s (0.003s)	Loss 0.01051 (0.01113)
2022-11-12 12:31:41,041 Epoch: [12][100/200]	Time 0.539s (0.563s)	Speed 59.4 samples/s	Data 0.002s (0.003s)	Loss 0.01313 (0.01111)
2022-11-12 12:31:46,547 Epoch: [12][110/200]	Time 0.548s (0.562s)	Speed 58.4 samples/s	Data 0.002s (0.003s)	Loss 0.01362 (0.01112)
2022-11-12 12:31:52,081 Epoch: [12][120/200]	Time 0.551s (0.561s)	Speed 58.0 samples/s	Data 0.002s (0.003s)	Loss 0.01087 (0.01112)
2022-11-12 12:31:57,581 Epoch: [12][130/200]	Time 0.548s (0.560s)	Speed 58.4 samples/s	Data 0.002s (0.003s)	Loss 0.01278 (0.01119)
2022-11-12 12:32:03,132 Epoch: [12][140/200]	Time 0.558s (0.560s)	Speed 57.3 samples/s	Data 0.002s (0.002s)	Loss 0.01246 (0.01119)
2022-11-12 12:32:08,603 Epoch: [12][150/200]	Time 0.553s (0.559s)	Speed 57.9 samples/s	Data 0.002s (0.002s)	Loss 0.01237 (0.01121)
2022-11-12 12:32:14,104 Epoch: [12][160/200]	Time 0.541s (0.558s)	Speed 59.2 samples/s	Data 0.002s (0.002s)	Loss 0.01154 (0.01119)
2022-11-12 12:32:19,572 Epoch: [12][170/200]	Time 0.564s (0.558s)	Speed 56.8 samples/s	Data 0.002s (0.002s)	Loss 0.01026 (0.01121)
2022-11-12 12:32:25,488 Epoch: [12][180/200]	Time 0.559s (0.560s)	Speed 57.2 samples/s	Data 0.002s (0.002s)	Loss 0.01062 (0.01118)
2022-11-12 12:32:31,224 Epoch: [12][190/200]	Time 0.550s (0.560s)	Speed 58.2 samples/s	Data 0.002s (0.002s)	Loss 0.01173 (0.01123)
2022-11-12 12:32:36,225 Test: [0/200]	Time 0.072 (0.072)	Loss 0.0888 (0.0888)
2022-11-12 12:32:36,656 Test: [10/200]	Time 0.042 (0.046)	Loss 0.0204 (0.0629)
2022-11-12 12:32:37,077 Test: [20/200]	Time 0.042 (0.044)	Loss 0.0505 (0.0626)
2022-11-12 12:32:37,537 Test: [30/200]	Time 0.040 (0.045)	Loss 0.0883 (0.0673)
2022-11-12 12:32:37,963 Test: [40/200]	Time 0.038 (0.044)	Loss 0.0575 (0.0704)
2022-11-12 12:32:38,394 Test: [50/200]	Time 0.043 (0.044)	Loss 0.0916 (0.0702)
2022-11-12 12:32:38,819 Test: [60/200]	Time 0.040 (0.044)	Loss 0.0646 (0.0732)
2022-11-12 12:32:39,250 Test: [70/200]	Time 0.042 (0.044)	Loss 0.0629 (0.0735)
2022-11-12 12:32:39,675 Test: [80/200]	Time 0.046 (0.043)	Loss 0.0800 (0.0720)
2022-11-12 12:32:40,091 Test: [90/200]	Time 0.044 (0.043)	Loss 0.1431 (0.0739)
2022-11-12 12:32:40,517 Test: [100/200]	Time 0.041 (0.043)	Loss 0.0985 (0.0731)
2022-11-12 12:32:40,941 Test: [110/200]	Time 0.040 (0.043)	Loss 0.1830 (0.0743)
2022-11-12 12:32:41,362 Test: [120/200]	Time 0.040 (0.043)	Loss 0.0767 (0.0729)
2022-11-12 12:32:41,785 Test: [130/200]	Time 0.044 (0.043)	Loss 0.0571 (0.0727)
2022-11-12 12:32:42,203 Test: [140/200]	Time 0.041 (0.043)	Loss 0.0741 (0.0718)
2022-11-12 12:32:42,795 Test: [150/200]	Time 0.043 (0.044)	Loss 0.0719 (0.0706)
2022-11-12 12:32:43,211 Test: [160/200]	Time 0.041 (0.044)	Loss 0.0727 (0.0699)
2022-11-12 12:32:43,638 Test: [170/200]	Time 0.041 (0.044)	Loss 0.0736 (0.0692)
2022-11-12 12:32:44,062 Test: [180/200]	Time 0.039 (0.044)	Loss 0.0401 (0.0690)
2022-11-12 12:32:44,483 Test: [190/200]	Time 0.047 (0.044)	Loss 0.0310 (0.0692)
2022-11-12 12:32:46,033 Mean IoU score: 0.837
2022-11-12 12:32:46,033 => saving checkpoint to out
2022-11-12 12:32:46,746 Epoch: [13][0/200]	Time 0.649s (0.649s)	Speed 49.3 samples/s	Data 0.066s (0.066s)	Loss 0.01198 (0.01198)
2022-11-12 12:32:52,243 Epoch: [13][10/200]	Time 0.567s (0.559s)	Speed 56.5 samples/s	Data 0.002s (0.008s)	Loss 0.01411 (0.01169)
2022-11-12 12:32:57,693 Epoch: [13][20/200]	Time 0.579s (0.552s)	Speed 55.3 samples/s	Data 0.002s (0.005s)	Loss 0.01230 (0.01146)
2022-11-12 12:33:03,223 Epoch: [13][30/200]	Time 0.553s (0.552s)	Speed 57.8 samples/s	Data 0.002s (0.004s)	Loss 0.00890 (0.01114)
2022-11-12 12:33:08,788 Epoch: [13][40/200]	Time 0.532s (0.553s)	Speed 60.1 samples/s	Data 0.002s (0.004s)	Loss 0.00952 (0.01097)
2022-11-12 12:33:14,353 Epoch: [13][50/200]	Time 0.558s (0.554s)	Speed 57.3 samples/s	Data 0.002s (0.003s)	Loss 0.00903 (0.01096)
2022-11-12 12:33:19,857 Epoch: [13][60/200]	Time 0.558s (0.553s)	Speed 57.3 samples/s	Data 0.002s (0.003s)	Loss 0.01003 (0.01092)
2022-11-12 12:33:25,820 Epoch: [13][70/200]	Time 0.587s (0.559s)	Speed 54.5 samples/s	Data 0.002s (0.003s)	Loss 0.01110 (0.01083)
2022-11-12 12:33:31,556 Epoch: [13][80/200]	Time 0.543s (0.561s)	Speed 59.0 samples/s	Data 0.002s (0.003s)	Loss 0.00856 (0.01089)
2022-11-12 12:33:37,037 Epoch: [13][90/200]	Time 0.545s (0.560s)	Speed 58.7 samples/s	Data 0.002s (0.003s)	Loss 0.00771 (0.01094)
2022-11-12 12:33:42,527 Epoch: [13][100/200]	Time 0.545s (0.559s)	Speed 58.7 samples/s	Data 0.002s (0.003s)	Loss 0.01014 (0.01100)
2022-11-12 12:33:48,096 Epoch: [13][110/200]	Time 0.558s (0.559s)	Speed 57.3 samples/s	Data 0.002s (0.003s)	Loss 0.01074 (0.01098)
2022-11-12 12:33:53,738 Epoch: [13][120/200]	Time 0.555s (0.559s)	Speed 57.6 samples/s	Data 0.002s (0.003s)	Loss 0.01050 (0.01091)
2022-11-12 12:33:59,320 Epoch: [13][130/200]	Time 0.549s (0.559s)	Speed 58.3 samples/s	Data 0.002s (0.003s)	Loss 0.01033 (0.01089)
2022-11-12 12:34:04,827 Epoch: [13][140/200]	Time 0.544s (0.558s)	Speed 58.9 samples/s	Data 0.002s (0.002s)	Loss 0.00922 (0.01086)
2022-11-12 12:34:10,302 Epoch: [13][150/200]	Time 0.542s (0.558s)	Speed 59.0 samples/s	Data 0.002s (0.002s)	Loss 0.01263 (0.01081)
2022-11-12 12:34:15,801 Epoch: [13][160/200]	Time 0.546s (0.557s)	Speed 58.6 samples/s	Data 0.002s (0.002s)	Loss 0.01173 (0.01084)
2022-11-12 12:34:21,605 Epoch: [13][170/200]	Time 0.526s (0.559s)	Speed 60.8 samples/s	Data 0.002s (0.002s)	Loss 0.01245 (0.01085)
2022-11-12 12:34:27,631 Epoch: [13][180/200]	Time 0.579s (0.561s)	Speed 55.3 samples/s	Data 0.002s (0.002s)	Loss 0.01040 (0.01086)
2022-11-12 12:34:33,476 Epoch: [13][190/200]	Time 0.569s (0.562s)	Speed 56.3 samples/s	Data 0.002s (0.002s)	Loss 0.01238 (0.01087)
2022-11-12 12:34:38,475 Test: [0/200]	Time 0.079 (0.079)	Loss 0.0811 (0.0811)
2022-11-12 12:34:38,901 Test: [10/200]	Time 0.041 (0.046)	Loss 0.0141 (0.0579)
2022-11-12 12:34:39,327 Test: [20/200]	Time 0.042 (0.044)	Loss 0.0439 (0.0591)
2022-11-12 12:34:39,774 Test: [30/200]	Time 0.040 (0.044)	Loss 0.0975 (0.0633)
2022-11-12 12:34:40,198 Test: [40/200]	Time 0.041 (0.044)	Loss 0.0500 (0.0704)
2022-11-12 12:34:40,630 Test: [50/200]	Time 0.043 (0.044)	Loss 0.1108 (0.0701)
2022-11-12 12:34:41,054 Test: [60/200]	Time 0.040 (0.044)	Loss 0.0758 (0.0734)
2022-11-12 12:34:41,486 Test: [70/200]	Time 0.043 (0.044)	Loss 0.0765 (0.0750)
2022-11-12 12:34:41,915 Test: [80/200]	Time 0.042 (0.043)	Loss 0.0811 (0.0729)
2022-11-12 12:34:42,343 Test: [90/200]	Time 0.042 (0.043)	Loss 0.1273 (0.0741)
2022-11-12 12:34:42,768 Test: [100/200]	Time 0.041 (0.043)	Loss 0.0837 (0.0725)
2022-11-12 12:34:43,187 Test: [110/200]	Time 0.039 (0.043)	Loss 0.2024 (0.0729)
2022-11-12 12:34:43,609 Test: [120/200]	Time 0.041 (0.043)	Loss 0.0704 (0.0718)
2022-11-12 12:34:44,039 Test: [130/200]	Time 0.042 (0.043)	Loss 0.0791 (0.0723)
2022-11-12 12:34:44,454 Test: [140/200]	Time 0.042 (0.043)	Loss 0.0586 (0.0717)
2022-11-12 12:34:44,903 Test: [150/200]	Time 0.041 (0.043)	Loss 0.0783 (0.0709)
2022-11-12 12:34:45,322 Test: [160/200]	Time 0.039 (0.043)	Loss 0.0655 (0.0702)
2022-11-12 12:34:45,755 Test: [170/200]	Time 0.038 (0.043)	Loss 0.0720 (0.0697)
2022-11-12 12:34:46,177 Test: [180/200]	Time 0.040 (0.043)	Loss 0.0558 (0.0695)
2022-11-12 12:34:46,602 Test: [190/200]	Time 0.040 (0.043)	Loss 0.0280 (0.0698)
2022-11-12 12:34:48,179 Mean IoU score: 0.837
2022-11-12 12:34:48,181 => saving checkpoint to out
2022-11-12 12:34:48,900 Epoch: [14][0/200]	Time 0.659s (0.659s)	Speed 48.6 samples/s	Data 0.066s (0.066s)	Loss 0.00785 (0.00785)
2022-11-12 12:34:54,445 Epoch: [14][10/200]	Time 0.546s (0.564s)	Speed 58.6 samples/s	Data 0.002s (0.008s)	Loss 0.00724 (0.00907)
2022-11-12 12:34:59,983 Epoch: [14][20/200]	Time 0.574s (0.559s)	Speed 55.8 samples/s	Data 0.002s (0.005s)	Loss 0.00850 (0.00960)
2022-11-12 12:35:05,553 Epoch: [14][30/200]	Time 0.579s (0.558s)	Speed 55.2 samples/s	Data 0.002s (0.004s)	Loss 0.01003 (0.01007)
2022-11-12 12:35:11,098 Epoch: [14][40/200]	Time 0.546s (0.557s)	Speed 58.6 samples/s	Data 0.002s (0.004s)	Loss 0.01044 (0.01007)
2022-11-12 12:35:16,622 Epoch: [14][50/200]	Time 0.568s (0.556s)	Speed 56.3 samples/s	Data 0.002s (0.003s)	Loss 0.00981 (0.01026)
2022-11-12 12:35:22,563 Epoch: [14][60/200]	Time 0.713s (0.563s)	Speed 44.9 samples/s	Data 0.002s (0.003s)	Loss 0.01328 (0.01028)
2022-11-12 12:35:28,479 Epoch: [14][70/200]	Time 0.543s (0.567s)	Speed 58.9 samples/s	Data 0.002s (0.003s)	Loss 0.00878 (0.01026)
2022-11-12 12:35:34,021 Epoch: [14][80/200]	Time 0.563s (0.565s)	Speed 56.8 samples/s	Data 0.002s (0.003s)	Loss 0.00830 (0.01023)
2022-11-12 12:35:39,688 Epoch: [14][90/200]	Time 0.544s (0.565s)	Speed 58.9 samples/s	Data 0.002s (0.003s)	Loss 0.00931 (0.01014)
2022-11-12 12:35:45,182 Epoch: [14][100/200]	Time 0.545s (0.564s)	Speed 58.7 samples/s	Data 0.002s (0.003s)	Loss 0.00762 (0.01015)
2022-11-12 12:35:50,787 Epoch: [14][110/200]	Time 0.550s (0.563s)	Speed 58.2 samples/s	Data 0.002s (0.003s)	Loss 0.01400 (0.01020)
2022-11-12 12:35:56,272 Epoch: [14][120/200]	Time 0.551s (0.562s)	Speed 58.1 samples/s	Data 0.002s (0.003s)	Loss 0.01137 (0.01032)
2022-11-12 12:36:01,814 Epoch: [14][130/200]	Time 0.563s (0.562s)	Speed 56.8 samples/s	Data 0.002s (0.002s)	Loss 0.00690 (0.01035)
2022-11-12 12:36:07,336 Epoch: [14][140/200]	Time 0.542s (0.561s)	Speed 59.1 samples/s	Data 0.002s (0.002s)	Loss 0.01084 (0.01045)
2022-11-12 12:36:12,885 Epoch: [14][150/200]	Time 0.546s (0.561s)	Speed 58.6 samples/s	Data 0.003s (0.002s)	Loss 0.01161 (0.01051)
2022-11-12 12:36:18,419 Epoch: [14][160/200]	Time 0.552s (0.560s)	Speed 58.0 samples/s	Data 0.002s (0.002s)	Loss 0.01440 (0.01064)
2022-11-12 12:36:24,377 Epoch: [14][170/200]	Time 0.579s (0.562s)	Speed 55.3 samples/s	Data 0.002s (0.002s)	Loss 0.01421 (0.01083)
2022-11-12 12:36:30,298 Epoch: [14][180/200]	Time 0.555s (0.564s)	Speed 57.7 samples/s	Data 0.002s (0.002s)	Loss 0.01828 (0.01112)
2022-11-12 12:36:35,845 Epoch: [14][190/200]	Time 0.551s (0.563s)	Speed 58.1 samples/s	Data 0.002s (0.002s)	Loss 0.01384 (0.01138)
2022-11-12 12:36:40,880 Test: [0/200]	Time 0.084 (0.084)	Loss 0.1371 (0.1371)
2022-11-12 12:36:41,303 Test: [10/200]	Time 0.039 (0.046)	Loss 0.0248 (0.0855)
2022-11-12 12:36:41,723 Test: [20/200]	Time 0.040 (0.044)	Loss 0.0484 (0.0872)
2022-11-12 12:36:42,170 Test: [30/200]	Time 0.042 (0.044)	Loss 0.1013 (0.0932)
2022-11-12 12:36:42,606 Test: [40/200]	Time 0.042 (0.044)	Loss 0.0558 (0.0967)
2022-11-12 12:36:43,039 Test: [50/200]	Time 0.041 (0.044)	Loss 0.1445 (0.0962)
2022-11-12 12:36:43,468 Test: [60/200]	Time 0.039 (0.044)	Loss 0.1015 (0.1016)
2022-11-12 12:36:43,898 Test: [70/200]	Time 0.040 (0.044)	Loss 0.0898 (0.1022)
2022-11-12 12:36:44,332 Test: [80/200]	Time 0.042 (0.044)	Loss 0.1296 (0.1005)
2022-11-12 12:36:44,750 Test: [90/200]	Time 0.040 (0.043)	Loss 0.1642 (0.1018)
2022-11-12 12:36:45,183 Test: [100/200]	Time 0.040 (0.043)	Loss 0.1331 (0.0998)
2022-11-12 12:36:45,610 Test: [110/200]	Time 0.041 (0.043)	Loss 0.2543 (0.1008)
2022-11-12 12:36:46,040 Test: [120/200]	Time 0.042 (0.043)	Loss 0.0876 (0.0993)
2022-11-12 12:36:46,470 Test: [130/200]	Time 0.045 (0.043)	Loss 0.0860 (0.0994)
2022-11-12 12:36:46,931 Test: [140/200]	Time 0.071 (0.044)	Loss 0.0855 (0.0989)
2022-11-12 12:36:47,342 Test: [150/200]	Time 0.039 (0.043)	Loss 0.0997 (0.0978)
2022-11-12 12:36:47,777 Test: [160/200]	Time 0.041 (0.043)	Loss 0.1076 (0.0974)
2022-11-12 12:36:48,203 Test: [170/200]	Time 0.040 (0.043)	Loss 0.0837 (0.0965)
2022-11-12 12:36:48,634 Test: [180/200]	Time 0.041 (0.043)	Loss 0.0791 (0.0960)
2022-11-12 12:36:49,051 Test: [190/200]	Time 0.039 (0.043)	Loss 0.0384 (0.0963)
2022-11-12 12:36:50,649 Mean IoU score: 0.783
2022-11-12 12:36:50,650 => saving checkpoint to out
2022-11-12 12:36:51,392 Epoch: [15][0/200]	Time 0.671s (0.671s)	Speed 47.7 samples/s	Data 0.078s (0.078s)	Loss 0.01762 (0.01762)
2022-11-12 12:36:56,945 Epoch: [15][10/200]	Time 0.580s (0.566s)	Speed 55.1 samples/s	Data 0.002s (0.009s)	Loss 0.02548 (0.02227)
2022-11-12 12:37:02,490 Epoch: [15][20/200]	Time 0.557s (0.560s)	Speed 57.4 samples/s	Data 0.002s (0.006s)	Loss 0.02435 (0.02268)
2022-11-12 12:37:08,012 Epoch: [15][30/200]	Time 0.555s (0.558s)	Speed 57.7 samples/s	Data 0.002s (0.004s)	Loss 0.01616 (0.02280)
2022-11-12 12:37:13,582 Epoch: [15][40/200]	Time 0.585s (0.558s)	Speed 54.7 samples/s	Data 0.002s (0.004s)	Loss 0.02737 (0.02392)
2022-11-12 12:37:19,123 Epoch: [15][50/200]	Time 0.546s (0.557s)	Speed 58.6 samples/s	Data 0.002s (0.003s)	Loss 0.02802 (0.02468)
2022-11-12 12:37:25,118 Epoch: [15][60/200]	Time 0.589s (0.564s)	Speed 54.3 samples/s	Data 0.002s (0.003s)	Loss 0.03110 (0.02522)
2022-11-12 12:37:30,863 Epoch: [15][70/200]	Time 0.550s (0.565s)	Speed 58.2 samples/s	Data 0.002s (0.003s)	Loss 0.02038 (0.02500)
2022-11-12 12:37:36,394 Epoch: [15][80/200]	Time 0.551s (0.564s)	Speed 58.1 samples/s	Data 0.002s (0.003s)	Loss 0.01390 (0.02428)
2022-11-12 12:37:41,930 Epoch: [15][90/200]	Time 0.539s (0.563s)	Speed 59.4 samples/s	Data 0.002s (0.003s)	Loss 0.02844 (0.02402)
2022-11-12 12:37:47,564 Epoch: [15][100/200]	Time 0.556s (0.563s)	Speed 57.6 samples/s	Data 0.002s (0.003s)	Loss 0.02683 (0.02374)
2022-11-12 12:37:53,107 Epoch: [15][110/200]	Time 0.561s (0.562s)	Speed 57.1 samples/s	Data 0.002s (0.003s)	Loss 0.01765 (0.02334)
2022-11-12 12:37:58,759 Epoch: [15][120/200]	Time 0.535s (0.562s)	Speed 59.8 samples/s	Data 0.002s (0.003s)	Loss 0.01730 (0.02293)
2022-11-12 12:38:04,274 Epoch: [15][130/200]	Time 0.549s (0.561s)	Speed 58.3 samples/s	Data 0.002s (0.003s)	Loss 0.02083 (0.02266)
2022-11-12 12:38:09,743 Epoch: [15][140/200]	Time 0.550s (0.560s)	Speed 58.2 samples/s	Data 0.002s (0.003s)	Loss 0.01899 (0.02220)
2022-11-12 12:38:15,280 Epoch: [15][150/200]	Time 0.552s (0.560s)	Speed 58.0 samples/s	Data 0.002s (0.002s)	Loss 0.02259 (0.02188)
2022-11-12 12:38:20,788 Epoch: [15][160/200]	Time 0.532s (0.559s)	Speed 60.2 samples/s	Data 0.002s (0.002s)	Loss 0.01748 (0.02169)
2022-11-12 12:38:26,768 Epoch: [15][170/200]	Time 0.592s (0.562s)	Speed 54.1 samples/s	Data 0.002s (0.002s)	Loss 0.02201 (0.02151)
2022-11-12 12:38:32,542 Epoch: [15][180/200]	Time 0.540s (0.563s)	Speed 59.3 samples/s	Data 0.002s (0.002s)	Loss 0.01594 (0.02123)
2022-11-12 12:38:38,039 Epoch: [15][190/200]	Time 0.555s (0.562s)	Speed 57.7 samples/s	Data 0.002s (0.002s)	Loss 0.01733 (0.02112)
2022-11-12 12:38:43,055 Test: [0/200]	Time 0.078 (0.078)	Loss 0.0732 (0.0732)
2022-11-12 12:38:43,484 Test: [10/200]	Time 0.040 (0.046)	Loss 0.0112 (0.0626)
2022-11-12 12:38:43,905 Test: [20/200]	Time 0.043 (0.044)	Loss 0.0413 (0.0665)
2022-11-12 12:38:44,355 Test: [30/200]	Time 0.042 (0.044)	Loss 0.1028 (0.0711)
2022-11-12 12:38:44,779 Test: [40/200]	Time 0.040 (0.044)	Loss 0.0563 (0.0765)
2022-11-12 12:38:45,199 Test: [50/200]	Time 0.042 (0.044)	Loss 0.1230 (0.0768)
2022-11-12 12:38:45,628 Test: [60/200]	Time 0.041 (0.043)	Loss 0.1071 (0.0824)
2022-11-12 12:38:46,047 Test: [70/200]	Time 0.042 (0.043)	Loss 0.0578 (0.0820)
2022-11-12 12:38:46,462 Test: [80/200]	Time 0.040 (0.043)	Loss 0.0801 (0.0799)
2022-11-12 12:38:46,891 Test: [90/200]	Time 0.040 (0.043)	Loss 0.1323 (0.0813)
2022-11-12 12:38:47,318 Test: [100/200]	Time 0.040 (0.043)	Loss 0.1000 (0.0804)
2022-11-12 12:38:47,745 Test: [110/200]	Time 0.042 (0.043)	Loss 0.1751 (0.0817)
2022-11-12 12:38:48,166 Test: [120/200]	Time 0.040 (0.043)	Loss 0.0900 (0.0799)
2022-11-12 12:38:48,576 Test: [130/200]	Time 0.039 (0.043)	Loss 0.0690 (0.0804)
2022-11-12 12:38:49,003 Test: [140/200]	Time 0.040 (0.043)	Loss 0.0771 (0.0799)
2022-11-12 12:38:49,465 Test: [150/200]	Time 0.047 (0.043)	Loss 0.0799 (0.0791)
2022-11-12 12:38:49,880 Test: [160/200]	Time 0.039 (0.043)	Loss 0.0908 (0.0790)
2022-11-12 12:38:50,298 Test: [170/200]	Time 0.040 (0.043)	Loss 0.1052 (0.0784)
2022-11-12 12:38:50,711 Test: [180/200]	Time 0.041 (0.043)	Loss 0.0778 (0.0778)
2022-11-12 12:38:51,120 Test: [190/200]	Time 0.041 (0.043)	Loss 0.0397 (0.0779)
2022-11-12 12:38:52,677 Mean IoU score: 0.812
2022-11-12 12:38:52,677 => saving checkpoint to out
2022-11-12 12:38:53,393 Epoch: [16][0/200]	Time 0.644s (0.644s)	Speed 49.7 samples/s	Data 0.065s (0.065s)	Loss 0.01468 (0.01468)
2022-11-12 12:38:58,997 Epoch: [16][10/200]	Time 0.557s (0.568s)	Speed 57.4 samples/s	Data 0.002s (0.008s)	Loss 0.01532 (0.01591)
2022-11-12 12:39:04,650 Epoch: [16][20/200]	Time 0.596s (0.567s)	Speed 53.6 samples/s	Data 0.002s (0.005s)	Loss 0.02042 (0.01497)
2022-11-12 12:39:10,257 Epoch: [16][30/200]	Time 0.555s (0.565s)	Speed 57.7 samples/s	Data 0.002s (0.004s)	Loss 0.01662 (0.01452)
2022-11-12 12:39:15,757 Epoch: [16][40/200]	Time 0.536s (0.561s)	Speed 59.7 samples/s	Data 0.002s (0.004s)	Loss 0.01423 (0.01428)
2022-11-12 12:39:21,236 Epoch: [16][50/200]	Time 0.535s (0.559s)	Speed 59.8 samples/s	Data 0.002s (0.003s)	Loss 0.01473 (0.01408)
2022-11-12 12:39:27,317 Epoch: [16][60/200]	Time 0.594s (0.567s)	Speed 53.8 samples/s	Data 0.002s (0.003s)	Loss 0.01551 (0.01387)
2022-11-12 12:39:33,240 Epoch: [16][70/200]	Time 0.549s (0.570s)	Speed 58.3 samples/s	Data 0.002s (0.003s)	Loss 0.01093 (0.01369)
2022-11-12 12:39:38,735 Epoch: [16][80/200]	Time 0.543s (0.568s)	Speed 59.0 samples/s	Data 0.002s (0.003s)	Loss 0.01322 (0.01355)
2022-11-12 12:39:44,222 Epoch: [16][90/200]	Time 0.538s (0.566s)	Speed 59.5 samples/s	Data 0.002s (0.003s)	Loss 0.01329 (0.01337)
2022-11-12 12:39:50,059 Epoch: [16][100/200]	Time 0.597s (0.567s)	Speed 53.6 samples/s	Data 0.002s (0.003s)	Loss 0.01303 (0.01334)
2022-11-12 12:39:55,659 Epoch: [16][110/200]	Time 0.557s (0.567s)	Speed 57.4 samples/s	Data 0.002s (0.003s)	Loss 0.01446 (0.01325)
2022-11-12 12:40:01,160 Epoch: [16][120/200]	Time 0.553s (0.565s)	Speed 57.8 samples/s	Data 0.002s (0.003s)	Loss 0.01034 (0.01323)
2022-11-12 12:40:06,675 Epoch: [16][130/200]	Time 0.550s (0.564s)	Speed 58.2 samples/s	Data 0.002s (0.002s)	Loss 0.01042 (0.01318)
2022-11-12 12:40:12,165 Epoch: [16][140/200]	Time 0.530s (0.563s)	Speed 60.4 samples/s	Data 0.002s (0.002s)	Loss 0.01280 (0.01315)
2022-11-12 12:40:17,695 Epoch: [16][150/200]	Time 0.588s (0.563s)	Speed 54.4 samples/s	Data 0.002s (0.002s)	Loss 0.01135 (0.01307)
2022-11-12 12:40:23,657 Epoch: [16][160/200]	Time 0.591s (0.565s)	Speed 54.2 samples/s	Data 0.002s (0.002s)	Loss 0.01280 (0.01314)
2022-11-12 12:40:29,406 Epoch: [16][170/200]	Time 0.545s (0.565s)	Speed 58.7 samples/s	Data 0.002s (0.002s)	Loss 0.01021 (0.01313)
2022-11-12 12:40:34,967 Epoch: [16][180/200]	Time 0.560s (0.565s)	Speed 57.1 samples/s	Data 0.002s (0.002s)	Loss 0.01208 (0.01309)
2022-11-12 12:40:40,564 Epoch: [16][190/200]	Time 0.541s (0.564s)	Speed 59.2 samples/s	Data 0.003s (0.002s)	Loss 0.01431 (0.01308)
2022-11-12 12:40:45,619 Test: [0/200]	Time 0.073 (0.073)	Loss 0.0575 (0.0575)
2022-11-12 12:40:46,028 Test: [10/200]	Time 0.041 (0.044)	Loss 0.0202 (0.0517)
2022-11-12 12:40:46,456 Test: [20/200]	Time 0.040 (0.043)	Loss 0.0298 (0.0513)
2022-11-12 12:40:46,891 Test: [30/200]	Time 0.040 (0.043)	Loss 0.0792 (0.0566)
2022-11-12 12:40:47,319 Test: [40/200]	Time 0.040 (0.043)	Loss 0.0565 (0.0598)
2022-11-12 12:40:47,749 Test: [50/200]	Time 0.041 (0.043)	Loss 0.1017 (0.0611)
2022-11-12 12:40:48,173 Test: [60/200]	Time 0.040 (0.043)	Loss 0.0607 (0.0637)
2022-11-12 12:40:48,592 Test: [70/200]	Time 0.047 (0.043)	Loss 0.0437 (0.0642)
2022-11-12 12:40:49,014 Test: [80/200]	Time 0.041 (0.043)	Loss 0.0775 (0.0630)
2022-11-12 12:40:49,451 Test: [90/200]	Time 0.040 (0.043)	Loss 0.1164 (0.0654)
2022-11-12 12:40:49,874 Test: [100/200]	Time 0.038 (0.043)	Loss 0.0795 (0.0643)
2022-11-12 12:40:50,288 Test: [110/200]	Time 0.042 (0.043)	Loss 0.1974 (0.0656)
2022-11-12 12:40:50,702 Test: [120/200]	Time 0.042 (0.043)	Loss 0.0836 (0.0645)
2022-11-12 12:40:51,124 Test: [130/200]	Time 0.043 (0.043)	Loss 0.0607 (0.0649)
2022-11-12 12:40:51,546 Test: [140/200]	Time 0.039 (0.043)	Loss 0.0633 (0.0642)
2022-11-12 12:40:51,992 Test: [150/200]	Time 0.039 (0.043)	Loss 0.0632 (0.0637)
2022-11-12 12:40:52,407 Test: [160/200]	Time 0.039 (0.043)	Loss 0.0684 (0.0636)
2022-11-12 12:40:52,837 Test: [170/200]	Time 0.038 (0.043)	Loss 0.0674 (0.0627)
2022-11-12 12:40:53,257 Test: [180/200]	Time 0.044 (0.043)	Loss 0.0523 (0.0624)
2022-11-12 12:40:53,683 Test: [190/200]	Time 0.040 (0.043)	Loss 0.0276 (0.0622)
2022-11-12 12:40:55,254 Mean IoU score: 0.847
2022-11-12 12:40:55,255 => saving checkpoint to out
2022-11-12 12:40:56,011 Epoch: [17][0/200]	Time 0.657s (0.657s)	Speed 48.7 samples/s	Data 0.072s (0.072s)	Loss 0.01116 (0.01116)
2022-11-12 12:41:01,459 Epoch: [17][10/200]	Time 0.531s (0.555s)	Speed 60.3 samples/s	Data 0.002s (0.008s)	Loss 0.01187 (0.01067)
2022-11-12 12:41:07,024 Epoch: [17][20/200]	Time 0.561s (0.556s)	Speed 57.1 samples/s	Data 0.002s (0.005s)	Loss 0.01194 (0.01074)
2022-11-12 12:41:12,648 Epoch: [17][30/200]	Time 0.561s (0.558s)	Speed 57.0 samples/s	Data 0.002s (0.004s)	Loss 0.01338 (0.01087)
2022-11-12 12:41:18,274 Epoch: [17][40/200]	Time 0.546s (0.559s)	Speed 58.6 samples/s	Data 0.002s (0.004s)	Loss 0.00855 (0.01084)
2022-11-12 12:41:24,329 Epoch: [17][50/200]	Time 0.600s (0.568s)	Speed 53.3 samples/s	Data 0.002s (0.003s)	Loss 0.01097 (0.01095)
2022-11-12 12:41:30,144 Epoch: [17][60/200]	Time 0.544s (0.570s)	Speed 58.8 samples/s	Data 0.002s (0.003s)	Loss 0.01107 (0.01080)
2022-11-12 12:41:35,693 Epoch: [17][70/200]	Time 0.570s (0.568s)	Speed 56.2 samples/s	Data 0.002s (0.003s)	Loss 0.00878 (0.01084)
2022-11-12 12:41:41,168 Epoch: [17][80/200]	Time 0.533s (0.566s)	Speed 60.0 samples/s	Data 0.002s (0.003s)	Loss 0.01189 (0.01077)
2022-11-12 12:41:47,042 Epoch: [17][90/200]	Time 0.724s (0.568s)	Speed 44.2 samples/s	Data 0.002s (0.003s)	Loss 0.01111 (0.01077)
2022-11-12 12:41:53,788 Epoch: [17][100/200]	Time 0.728s (0.579s)	Speed 44.0 samples/s	Data 0.002s (0.003s)	Loss 0.01281 (0.01081)
2022-11-12 12:42:01,731 Epoch: [17][110/200]	Time 1.414s (0.598s)	Speed 22.6 samples/s	Data 0.002s (0.003s)	Loss 0.01161 (0.01085)
2022-11-12 12:42:11,207 Epoch: [17][120/200]	Time 0.777s (0.627s)	Speed 41.2 samples/s	Data 0.004s (0.003s)	Loss 0.01053 (0.01084)
2022-11-12 12:42:19,188 Epoch: [17][130/200]	Time 0.787s (0.640s)	Speed 40.7 samples/s	Data 0.002s (0.003s)	Loss 0.00879 (0.01080)
2022-11-12 12:42:27,209 Epoch: [17][140/200]	Time 0.790s (0.651s)	Speed 40.5 samples/s	Data 0.002s (0.003s)	Loss 0.00854 (0.01077)
2022-11-12 12:42:35,124 Epoch: [17][150/200]	Time 0.768s (0.661s)	Speed 41.7 samples/s	Data 0.002s (0.003s)	Loss 0.01074 (0.01076)
2022-11-12 12:42:42,787 Epoch: [17][160/200]	Time 0.752s (0.667s)	Speed 42.5 samples/s	Data 0.002s (0.003s)	Loss 0.00965 (0.01072)
2022-11-12 12:42:50,821 Epoch: [17][170/200]	Time 0.851s (0.675s)	Speed 37.6 samples/s	Data 0.002s (0.003s)	Loss 0.01042 (0.01068)
2022-11-12 12:42:58,863 Epoch: [17][180/200]	Time 0.762s (0.682s)	Speed 42.0 samples/s	Data 0.002s (0.003s)	Loss 0.01051 (0.01067)
2022-11-12 12:43:06,668 Epoch: [17][190/200]	Time 0.756s (0.688s)	Speed 42.3 samples/s	Data 0.002s (0.003s)	Loss 0.01111 (0.01066)
2022-11-12 12:43:14,015 Test: [0/200]	Time 0.131 (0.131)	Loss 0.0542 (0.0542)
2022-11-12 12:43:14,697 Test: [10/200]	Time 0.071 (0.074)	Loss 0.0197 (0.0488)
2022-11-12 12:43:15,426 Test: [20/200]	Time 0.055 (0.073)	Loss 0.0268 (0.0498)
2022-11-12 12:43:16,118 Test: [30/200]	Time 0.075 (0.072)	Loss 0.0817 (0.0535)
2022-11-12 12:43:16,856 Test: [40/200]	Time 0.060 (0.072)	Loss 0.0460 (0.0566)
2022-11-12 12:43:17,587 Test: [50/200]	Time 0.074 (0.073)	Loss 0.0927 (0.0576)
2022-11-12 12:43:18,246 Test: [60/200]	Time 0.059 (0.071)	Loss 0.0691 (0.0611)
2022-11-12 12:43:18,883 Test: [70/200]	Time 0.058 (0.070)	Loss 0.0391 (0.0615)
2022-11-12 12:43:19,535 Test: [80/200]	Time 0.065 (0.070)	Loss 0.0688 (0.0599)
2022-11-12 12:43:20,228 Test: [90/200]	Time 0.062 (0.070)	Loss 0.1138 (0.0618)
2022-11-12 12:43:20,821 Test: [100/200]	Time 0.060 (0.069)	Loss 0.0712 (0.0609)
2022-11-12 12:43:21,426 Test: [110/200]	Time 0.054 (0.068)	Loss 0.1986 (0.0623)
2022-11-12 12:43:22,045 Test: [120/200]	Time 0.060 (0.067)	Loss 0.0743 (0.0612)
2022-11-12 12:43:22,634 Test: [130/200]	Time 0.057 (0.067)	Loss 0.0505 (0.0616)
2022-11-12 12:43:23,236 Test: [140/200]	Time 0.056 (0.066)	Loss 0.0522 (0.0609)
2022-11-12 12:43:23,838 Test: [150/200]	Time 0.058 (0.066)	Loss 0.0592 (0.0603)
2022-11-12 12:43:24,449 Test: [160/200]	Time 0.074 (0.066)	Loss 0.0729 (0.0602)
2022-11-12 12:43:25,065 Test: [170/200]	Time 0.077 (0.065)	Loss 0.0628 (0.0595)
2022-11-12 12:43:25,665 Test: [180/200]	Time 0.056 (0.065)	Loss 0.0461 (0.0593)
2022-11-12 12:43:26,272 Test: [190/200]	Time 0.056 (0.065)	Loss 0.0265 (0.0590)
2022-11-12 12:43:28,118 Mean IoU score: 0.855
2022-11-12 12:43:28,118 => saving checkpoint to out
2022-11-12 12:43:29,195 Epoch: [18][0/200]	Time 0.961s (0.961s)	Speed 33.3 samples/s	Data 0.095s (0.095s)	Loss 0.00858 (0.00858)
2022-11-12 12:43:36,978 Epoch: [18][10/200]	Time 0.768s (0.795s)	Speed 41.7 samples/s	Data 0.002s (0.010s)	Loss 0.01013 (0.00931)
2022-11-12 12:43:45,159 Epoch: [18][20/200]	Time 0.811s (0.806s)	Speed 39.5 samples/s	Data 0.002s (0.007s)	Loss 0.00996 (0.00970)
2022-11-12 12:43:52,848 Epoch: [18][30/200]	Time 0.757s (0.794s)	Speed 42.3 samples/s	Data 0.002s (0.005s)	Loss 0.00962 (0.00963)
2022-11-12 12:44:00,460 Epoch: [18][40/200]	Time 0.744s (0.786s)	Speed 43.0 samples/s	Data 0.002s (0.005s)	Loss 0.01174 (0.00941)
2022-11-12 12:44:08,258 Epoch: [18][50/200]	Time 0.787s (0.785s)	Speed 40.7 samples/s	Data 0.002s (0.004s)	Loss 0.01033 (0.00956)
2022-11-12 12:44:16,356 Epoch: [18][60/200]	Time 0.833s (0.789s)	Speed 38.4 samples/s	Data 0.003s (0.004s)	Loss 0.00834 (0.00955)
2022-11-12 12:44:24,154 Epoch: [18][70/200]	Time 0.810s (0.788s)	Speed 39.5 samples/s	Data 0.002s (0.004s)	Loss 0.00942 (0.00961)
2022-11-12 12:44:31,905 Epoch: [18][80/200]	Time 0.779s (0.786s)	Speed 41.1 samples/s	Data 0.002s (0.004s)	Loss 0.01020 (0.00959)
2022-11-12 12:44:40,031 Epoch: [18][90/200]	Time 0.807s (0.789s)	Speed 39.6 samples/s	Data 0.002s (0.004s)	Loss 0.00866 (0.00964)
2022-11-12 12:44:47,953 Epoch: [18][100/200]	Time 0.748s (0.789s)	Speed 42.8 samples/s	Data 0.003s (0.003s)	Loss 0.01046 (0.00971)
2022-11-12 12:44:56,125 Epoch: [18][110/200]	Time 0.854s (0.792s)	Speed 37.5 samples/s	Data 0.002s (0.003s)	Loss 0.00947 (0.00966)
2022-11-12 12:45:03,938 Epoch: [18][120/200]	Time 0.744s (0.791s)	Speed 43.0 samples/s	Data 0.002s (0.003s)	Loss 0.01350 (0.00963)
2022-11-12 12:45:11,557 Epoch: [18][130/200]	Time 0.771s (0.789s)	Speed 41.5 samples/s	Data 0.002s (0.003s)	Loss 0.00971 (0.00962)
2022-11-12 12:45:19,515 Epoch: [18][140/200]	Time 0.754s (0.789s)	Speed 42.4 samples/s	Data 0.002s (0.003s)	Loss 0.00870 (0.00966)
2022-11-12 12:45:27,091 Epoch: [18][150/200]	Time 0.760s (0.787s)	Speed 42.1 samples/s	Data 0.002s (0.003s)	Loss 0.00955 (0.00965)
2022-11-12 12:45:34,760 Epoch: [18][160/200]	Time 0.765s (0.786s)	Speed 41.8 samples/s	Data 0.002s (0.003s)	Loss 0.01107 (0.00964)
2022-11-12 12:45:42,854 Epoch: [18][170/200]	Time 0.808s (0.787s)	Speed 39.6 samples/s	Data 0.003s (0.003s)	Loss 0.01014 (0.00966)
2022-11-12 12:45:50,778 Epoch: [18][180/200]	Time 0.776s (0.788s)	Speed 41.2 samples/s	Data 0.002s (0.003s)	Loss 0.00858 (0.00965)
2022-11-12 12:45:58,426 Epoch: [18][190/200]	Time 0.754s (0.786s)	Speed 42.4 samples/s	Data 0.002s (0.003s)	Loss 0.01002 (0.00964)
2022-11-12 12:46:05,550 Test: [0/200]	Time 0.108 (0.108)	Loss 0.0556 (0.0556)
2022-11-12 12:46:06,141 Test: [10/200]	Time 0.063 (0.064)	Loss 0.0122 (0.0487)
2022-11-12 12:46:06,790 Test: [20/200]	Time 0.058 (0.064)	Loss 0.0289 (0.0507)
2022-11-12 12:46:07,374 Test: [30/200]	Time 0.060 (0.062)	Loss 0.0849 (0.0546)
2022-11-12 12:46:07,999 Test: [40/200]	Time 0.052 (0.062)	Loss 0.0489 (0.0577)
2022-11-12 12:46:08,635 Test: [50/200]	Time 0.061 (0.063)	Loss 0.1002 (0.0593)
2022-11-12 12:46:09,290 Test: [60/200]	Time 0.064 (0.063)	Loss 0.0733 (0.0628)
2022-11-12 12:46:09,910 Test: [70/200]	Time 0.067 (0.063)	Loss 0.0409 (0.0634)
2022-11-12 12:46:10,533 Test: [80/200]	Time 0.071 (0.063)	Loss 0.0666 (0.0617)
2022-11-12 12:46:11,157 Test: [90/200]	Time 0.067 (0.063)	Loss 0.1068 (0.0632)
2022-11-12 12:46:11,777 Test: [100/200]	Time 0.055 (0.063)	Loss 0.0778 (0.0624)
2022-11-12 12:46:12,389 Test: [110/200]	Time 0.059 (0.063)	Loss 0.2011 (0.0639)
2022-11-12 12:46:12,983 Test: [120/200]	Time 0.056 (0.062)	Loss 0.0813 (0.0627)
2022-11-12 12:46:13,600 Test: [130/200]	Time 0.057 (0.062)	Loss 0.0521 (0.0629)
2022-11-12 12:46:14,212 Test: [140/200]	Time 0.056 (0.062)	Loss 0.0516 (0.0621)
2022-11-12 12:46:14,808 Test: [150/200]	Time 0.058 (0.062)	Loss 0.0669 (0.0614)
2022-11-12 12:46:15,413 Test: [160/200]	Time 0.058 (0.062)	Loss 0.0790 (0.0612)
2022-11-12 12:46:16,027 Test: [170/200]	Time 0.056 (0.062)	Loss 0.0651 (0.0605)
2022-11-12 12:46:16,667 Test: [180/200]	Time 0.054 (0.062)	Loss 0.0461 (0.0602)
2022-11-12 12:46:17,272 Test: [190/200]	Time 0.058 (0.062)	Loss 0.0293 (0.0601)
2022-11-12 12:46:19,123 Mean IoU score: 0.856
2022-11-12 12:46:19,123 => saving checkpoint to out
2022-11-12 12:46:20,144 Epoch: [19][0/200]	Time 0.927s (0.927s)	Speed 34.5 samples/s	Data 0.092s (0.092s)	Loss 0.00714 (0.00714)
2022-11-12 12:46:26,266 Epoch: [19][10/200]	Time 0.533s (0.641s)	Speed 60.0 samples/s	Data 0.002s (0.010s)	Loss 0.01011 (0.00909)
2022-11-12 12:46:32,467 Epoch: [19][20/200]	Time 0.513s (0.631s)	Speed 62.4 samples/s	Data 0.002s (0.006s)	Loss 0.00855 (0.00890)
2022-11-12 12:46:37,694 Epoch: [19][30/200]	Time 0.522s (0.596s)	Speed 61.3 samples/s	Data 0.002s (0.005s)	Loss 0.01059 (0.00891)
2022-11-12 12:46:42,789 Epoch: [19][40/200]	Time 0.489s (0.575s)	Speed 65.5 samples/s	Data 0.002s (0.004s)	Loss 0.00860 (0.00901)
2022-11-12 12:46:47,928 Epoch: [19][50/200]	Time 0.513s (0.563s)	Speed 62.4 samples/s	Data 0.002s (0.004s)	Loss 0.00994 (0.00910)
2022-11-12 12:46:53,067 Epoch: [19][60/200]	Time 0.520s (0.555s)	Speed 61.5 samples/s	Data 0.002s (0.003s)	Loss 0.00961 (0.00906)
2022-11-12 12:46:58,180 Epoch: [19][70/200]	Time 0.506s (0.549s)	Speed 63.3 samples/s	Data 0.002s (0.003s)	Loss 0.00908 (0.00891)
2022-11-12 12:47:03,324 Epoch: [19][80/200]	Time 0.517s (0.545s)	Speed 61.9 samples/s	Data 0.002s (0.003s)	Loss 0.01062 (0.00896)
2022-11-12 12:47:08,451 Epoch: [19][90/200]	Time 0.511s (0.541s)	Speed 62.6 samples/s	Data 0.002s (0.003s)	Loss 0.00937 (0.00886)
2022-11-12 12:47:13,691 Epoch: [19][100/200]	Time 0.527s (0.539s)	Speed 60.7 samples/s	Data 0.002s (0.003s)	Loss 0.01070 (0.00892)
2022-11-12 12:47:18,913 Epoch: [19][110/200]	Time 0.498s (0.538s)	Speed 64.2 samples/s	Data 0.002s (0.003s)	Loss 0.00847 (0.00892)
2022-11-12 12:47:24,415 Epoch: [19][120/200]	Time 0.529s (0.539s)	Speed 60.4 samples/s	Data 0.002s (0.003s)	Loss 0.00933 (0.00890)
2022-11-12 12:47:29,812 Epoch: [19][130/200]	Time 0.501s (0.539s)	Speed 63.9 samples/s	Data 0.002s (0.003s)	Loss 0.01268 (0.00899)
2022-11-12 12:47:36,648 Epoch: [19][140/200]	Time 0.780s (0.549s)	Speed 41.0 samples/s	Data 0.002s (0.003s)	Loss 0.00948 (0.00903)
2022-11-12 12:47:44,733 Epoch: [19][150/200]	Time 0.782s (0.566s)	Speed 40.9 samples/s	Data 0.002s (0.003s)	Loss 0.00824 (0.00903)
2022-11-12 12:47:52,627 Epoch: [19][160/200]	Time 0.759s (0.580s)	Speed 42.2 samples/s	Data 0.006s (0.003s)	Loss 0.00871 (0.00902)
2022-11-12 12:48:00,378 Epoch: [19][170/200]	Time 0.764s (0.592s)	Speed 41.9 samples/s	Data 0.002s (0.003s)	Loss 0.01046 (0.00904)
2022-11-12 12:48:08,517 Epoch: [19][180/200]	Time 0.820s (0.604s)	Speed 39.0 samples/s	Data 0.002s (0.003s)	Loss 0.00955 (0.00904)
2022-11-12 12:48:16,330 Epoch: [19][190/200]	Time 0.753s (0.613s)	Speed 42.5 samples/s	Data 0.002s (0.003s)	Loss 0.00806 (0.00902)
2022-11-12 12:48:23,766 Test: [0/200]	Time 0.115 (0.115)	Loss 0.0554 (0.0554)
2022-11-12 12:48:24,423 Test: [10/200]	Time 0.058 (0.070)	Loss 0.0177 (0.0494)
2022-11-12 12:48:25,128 Test: [20/200]	Time 0.063 (0.070)	Loss 0.0288 (0.0506)
2022-11-12 12:48:25,806 Test: [30/200]	Time 0.060 (0.070)	Loss 0.0810 (0.0548)
2022-11-12 12:48:26,510 Test: [40/200]	Time 0.081 (0.070)	Loss 0.0457 (0.0580)
2022-11-12 12:48:27,191 Test: [50/200]	Time 0.069 (0.069)	Loss 0.1020 (0.0595)
2022-11-12 12:48:27,877 Test: [60/200]	Time 0.066 (0.069)	Loss 0.0740 (0.0629)
2022-11-12 12:48:28,673 Test: [70/200]	Time 0.060 (0.071)	Loss 0.0368 (0.0633)
2022-11-12 12:48:29,299 Test: [80/200]	Time 0.059 (0.070)	Loss 0.0701 (0.0614)
2022-11-12 12:48:29,989 Test: [90/200]	Time 0.065 (0.070)	Loss 0.1145 (0.0630)
2022-11-12 12:48:30,633 Test: [100/200]	Time 0.061 (0.069)	Loss 0.0784 (0.0621)
2022-11-12 12:48:31,274 Test: [110/200]	Time 0.061 (0.069)	Loss 0.2023 (0.0636)
2022-11-12 12:48:31,896 Test: [120/200]	Time 0.057 (0.068)	Loss 0.0820 (0.0626)
2022-11-12 12:48:32,539 Test: [130/200]	Time 0.061 (0.068)	Loss 0.0507 (0.0629)
2022-11-12 12:48:33,183 Test: [140/200]	Time 0.062 (0.068)	Loss 0.0540 (0.0621)
2022-11-12 12:48:33,830 Test: [150/200]	Time 0.073 (0.067)	Loss 0.0660 (0.0614)
2022-11-12 12:48:34,490 Test: [160/200]	Time 0.063 (0.067)	Loss 0.0705 (0.0612)
2022-11-12 12:48:35,104 Test: [170/200]	Time 0.052 (0.067)	Loss 0.0639 (0.0606)
2022-11-12 12:48:35,727 Test: [180/200]	Time 0.064 (0.067)	Loss 0.0455 (0.0604)
2022-11-12 12:48:36,311 Test: [190/200]	Time 0.056 (0.066)	Loss 0.0261 (0.0602)
2022-11-12 12:48:38,166 Mean IoU score: 0.856
2022-11-12 12:48:38,167 => saving checkpoint to out
2022-11-12 12:48:38,277 saving final model state to out/final_state.pth.tar
